<?xml version="1.0" encoding="UTF-8"?>
<coverage generated="1744397488302" clover="3.2.0">
  <project timestamp="1744397488302" name="All files">
    <metrics statements="359" coveredstatements="359" conditionals="113" coveredconditionals="107" methods="78" coveredmethods="76" elements="550" coveredelements="542" complexity="0" loc="359" ncloc="359" packages="3" files="8" classes="8"/>
    <package name="src">
      <metrics statements="322" coveredstatements="322" conditionals="94" coveredconditionals="90" methods="70" coveredmethods="70"/>
      <file name="playground.ts" path="/home/denis/Documents/Croct/code/plug/plug-js/src/playground.ts">
        <metrics statements="85" coveredstatements="85" conditionals="21" coveredconditionals="21" methods="13" coveredmethods="13"/>
        <line num="1" count="2" type="stmt"/>
        <line num="3" count="2" type="stmt"/>
        <line num="6" count="2" type="stmt"/>
        <line num="10" count="2" type="stmt"/>
        <line num="39" count="2" type="stmt"/>
        <line num="63" count="69" type="stmt"/>
        <line num="64" count="69" type="stmt"/>
        <line num="65" count="69" type="stmt"/>
        <line num="66" count="69" type="stmt"/>
        <line num="67" count="69" type="stmt"/>
        <line num="68" count="69" type="stmt"/>
        <line num="69" count="69" type="stmt"/>
        <line num="70" count="69" type="stmt"/>
        <line num="71" count="69" type="stmt"/>
        <line num="72" count="69" type="stmt"/>
        <line num="76" count="68" type="stmt"/>
        <line num="78" count="68" type="cond" truecount="1" falsecount="0"/>
        <line num="79" count="55" type="stmt"/>
        <line num="82" count="15" type="stmt"/>
        <line num="85" count="14" type="stmt"/>
        <line num="88" count="1" type="stmt"/>
        <line num="91" count="13" type="stmt"/>
        <line num="92" count="13" type="stmt"/>
        <line num="94" count="13" type="stmt"/>
        <line num="98" count="68" type="cond" truecount="1" falsecount="0"/>
        <line num="99" count="10" type="stmt"/>
        <line num="101" count="10" type="stmt"/>
        <line num="104" count="58" type="stmt"/>
        <line num="106" count="58" type="stmt"/>
        <line num="108" count="58" type="cond" truecount="3" falsecount="0"/>
        <line num="109" count="56" type="stmt"/>
        <line num="111" count="56" type="stmt"/>
        <line num="113" count="56" type="stmt"/>
        <line num="119" count="56" type="stmt"/>
        <line num="122" count="2" type="stmt"/>
        <line num="124" count="2" type="stmt"/>
        <line num="126" count="2" type="stmt"/>
        <line num="130" count="69" type="cond" truecount="1" falsecount="0"/>
        <line num="131" count="13" type="stmt"/>
        <line num="132" count="13" type="stmt"/>
        <line num="134" count="13" type="stmt"/>
        <line num="139" count="14" type="stmt"/>
        <line num="141" count="14" type="stmt"/>
        <line num="142" count="14" type="stmt"/>
        <line num="143" count="14" type="stmt"/>
        <line num="144" count="14" type="stmt"/>
        <line num="145" count="14" type="stmt"/>
        <line num="146" count="14" type="stmt"/>
        <line num="147" count="14" type="stmt"/>
        <line num="149" count="14" type="stmt"/>
        <line num="151" count="14" type="stmt"/>
        <line num="152" count="13" type="cond" truecount="1" falsecount="0"/>
        <line num="153" count="1" type="cond" truecount="1" falsecount="0"/>
        <line num="154" count="1" type="stmt"/>
        <line num="157" count="1" type="stmt"/>
        <line num="159" count="1" type="stmt"/>
        <line num="162" count="12" type="stmt"/>
        <line num="163" count="13" type="cond" truecount="3" falsecount="0"/>
        <line num="164" count="3" type="stmt"/>
        <line num="167" count="10" type="stmt"/>
        <line num="169" count="10" type="cond" truecount="1" falsecount="0"/>
        <line num="170" count="10" type="stmt"/>
        <line num="173" count="10" type="stmt"/>
        <line num="176" count="12" type="stmt"/>
        <line num="178" count="12" type="stmt"/>
        <line num="190" count="12" type="stmt"/>
        <line num="192" count="12" type="stmt"/>
        <line num="195" count="14" type="stmt"/>
        <line num="197" count="14" type="stmt"/>
        <line num="198" count="14" type="stmt"/>
        <line num="201" count="14" type="cond" truecount="2" falsecount="0"/>
        <line num="202" count="1" type="stmt"/>
        <line num="204" count="13" type="stmt"/>
        <line num="209" count="14" type="stmt"/>
        <line num="210" count="14" type="stmt"/>
        <line num="212" count="14" type="cond" truecount="1" falsecount="0"/>
        <line num="213" count="13" type="stmt"/>
        <line num="216" count="14" type="cond" truecount="1" falsecount="0"/>
        <line num="217" count="12" type="stmt"/>
        <line num="220" count="14" type="cond" truecount="1" falsecount="0"/>
        <line num="221" count="13" type="stmt"/>
        <line num="224" count="14" type="stmt"/>
        <line num="232" count="2" type="stmt"/>
        <line num="233" count="55" type="stmt"/>
        <line num="235" count="55" type="stmt"/>
      </file>
      <file name="plug.ts" path="/home/denis/Documents/Croct/code/plug/plug-js/src/plug.ts">
        <metrics statements="138" coveredstatements="138" conditionals="53" coveredconditionals="50" methods="39" coveredmethods="39"/>
        <line num="6" count="1" type="stmt"/>
        <line num="7" count="1" type="stmt"/>
        <line num="8" count="1" type="stmt"/>
        <line num="10" count="1" type="stmt"/>
        <line num="16" count="1" type="stmt"/>
        <line num="18" count="1" type="stmt"/>
        <line num="20" count="1" type="stmt"/>
        <line num="21" count="1" type="stmt"/>
        <line num="22" count="1" type="stmt"/>
        <line num="78" count="1" type="stmt"/>
        <line num="81" count="57" type="stmt"/>
        <line num="83" count="57" type="cond" truecount="1" falsecount="0"/>
        <line num="84" count="1" type="stmt"/>
        <line num="87" count="56" type="stmt"/>
        <line num="90" count="1" type="stmt"/>
        <line num="91" count="70" type="stmt"/>
        <line num="98" count="70" type="stmt"/>
        <line num="105" count="70" type="stmt"/>
        <line num="106" count="70" type="stmt"/>
        <line num="111" count="13" type="cond" truecount="1" falsecount="0"/>
        <line num="112" count="1" type="stmt"/>
        <line num="115" count="12" type="stmt"/>
        <line num="119" count="58" type="cond" truecount="1" falsecount="0"/>
        <line num="120" count="1" type="stmt"/>
        <line num="122" count="1" type="stmt"/>
        <line num="124" count="1" type="stmt"/>
        <line num="127" count="57" type="stmt"/>
        <line num="128" count="57" type="cond" truecount="2" falsecount="0"/>
        <line num="130" count="57" type="cond" truecount="4" falsecount="0"/>
        <line num="131" count="1" type="stmt"/>
        <line num="140" count="56" type="cond" truecount="2" falsecount="0"/>
        <line num="142" count="56" type="cond" truecount="1" falsecount="0"/>
        <line num="143" count="1" type="stmt"/>
        <line num="150" count="55" type="stmt"/>
        <line num="152" count="55" type="cond" truecount="1" falsecount="0"/>
        <line num="153" count="1" type="stmt"/>
        <line num="156" count="55" type="stmt"/>
        <line num="166" count="55" type="stmt"/>
        <line num="168" count="55" type="stmt"/>
        <line num="170" count="55" type="cond" truecount="1" falsecount="0"/>
        <line num="171" count="54" type="stmt"/>
        <line num="177" count="55" type="stmt"/>
        <line num="179" count="55" type="stmt"/>
        <line num="181" count="121" type="stmt"/>
        <line num="184" count="55" type="stmt"/>
        <line num="185" count="122" type="stmt"/>
        <line num="187" count="122" type="stmt"/>
        <line num="189" count="122" type="cond" truecount="1" falsecount="0"/>
        <line num="190" count="1" type="stmt"/>
        <line num="192" count="1" type="stmt"/>
        <line num="195" count="121" type="cond" truecount="4" falsecount="0"/>
        <line num="196" count="1" type="stmt"/>
        <line num="201" count="1" type="stmt"/>
        <line num="204" count="120" type="cond" truecount="1" falsecount="0"/>
        <line num="205" count="3" type="stmt"/>
        <line num="207" count="3" type="stmt"/>
        <line num="210" count="117" type="stmt"/>
        <line num="227" count="109" type="stmt"/>
        <line num="229" count="55" type="stmt"/>
        <line num="232" count="1" type="stmt"/>
        <line num="239" count="117" type="stmt"/>
        <line num="240" count="117" type="stmt"/>
        <line num="242" count="1" type="stmt"/>
        <line num="244" count="1" type="stmt"/>
        <line num="247" count="116" type="stmt"/>
        <line num="249" count="116" type="cond" truecount="1" falsecount="0"/>
        <line num="250" count="2" type="stmt"/>
        <line num="253" count="114" type="stmt"/>
        <line num="255" count="114" type="stmt"/>
        <line num="257" count="114" type="cond" truecount="1" falsecount="0"/>
        <line num="258" count="112" type="stmt"/>
        <line num="260" count="112" type="stmt"/>
        <line num="263" count="2" type="stmt"/>
        <line num="264" count="1" type="stmt"/>
        <line num="265" count="1" type="stmt"/>
        <line num="269" count="55" type="stmt"/>
        <line num="271" count="55" type="stmt"/>
        <line num="273" count="55" type="stmt"/>
        <line num="278" count="3" type="stmt"/>
        <line num="282" count="4" type="stmt"/>
        <line num="286" count="1" type="stmt"/>
        <line num="288" count="1" type="stmt"/>
        <line num="292" count="106" type="cond" truecount="1" falsecount="0"/>
        <line num="293" count="13" type="stmt"/>
        <line num="296" count="93" type="stmt"/>
        <line num="300" count="3" type="stmt"/>
        <line num="304" count="2" type="stmt"/>
        <line num="308" count="2" type="stmt"/>
        <line num="312" count="2" type="stmt"/>
        <line num="316" count="4" type="stmt"/>
        <line num="322" count="3" type="stmt"/>
        <line num="328" count="3" type="cond" truecount="1" falsecount="0"/>
        <line num="329" count="1" type="stmt"/>
        <line num="334" count="2" type="stmt"/>
        <line num="338" count="2" type="stmt"/>
        <line num="342" count="2" type="stmt"/>
        <line num="346" count="2" type="stmt"/>
        <line num="350" count="2" type="stmt"/>
        <line num="356" count="6" type="stmt"/>
        <line num="360" count="2" type="stmt"/>
        <line num="361" count="2" type="cond" truecount="1" falsecount="1"/>
        <line num="363" count="2" type="stmt"/>
        <line num="365" count="2" type="stmt"/>
        <line num="370" count="3" type="stmt"/>
        <line num="371" count="2" type="stmt"/>
        <line num="388" count="9" type="cond" truecount="1" falsecount="0"/>
        <line num="389" count="9" type="stmt"/>
        <line num="390" count="8" type="cond" truecount="2" falsecount="0"/>
        <line num="392" count="8" type="stmt"/>
        <line num="400" count="5" type="stmt"/>
        <line num="402" count="5" type="cond" truecount="2" falsecount="0"/>
        <line num="406" count="5" type="cond" truecount="1" falsecount="0"/>
        <line num="407" count="2" type="stmt"/>
        <line num="410" count="3" type="stmt"/>
        <line num="415" count="75" type="cond" truecount="1" falsecount="0"/>
        <line num="416" count="20" type="stmt"/>
        <line num="419" count="55" type="stmt"/>
        <line num="421" count="55" type="stmt"/>
        <line num="422" count="55" type="stmt"/>
        <line num="424" count="55" type="stmt"/>
        <line num="425" count="114" type="cond" truecount="1" falsecount="0"/>
        <line num="426" count="3" type="stmt"/>
        <line num="429" count="111" type="stmt"/>
        <line num="431" count="111" type="stmt"/>
        <line num="433" count="111" type="cond" truecount="1" falsecount="0"/>
        <line num="434" count="109" type="stmt"/>
        <line num="436" count="109" type="stmt"/>
        <line num="439" count="2" type="stmt"/>
        <line num="440" count="1" type="stmt"/>
        <line num="441" count="1" type="stmt"/>
        <line num="446" count="55" type="stmt"/>
        <line num="448" count="55" type="stmt"/>
        <line num="449" count="55" type="stmt"/>
        <line num="450" count="55" type="stmt"/>
        <line num="453" count="55" type="stmt"/>
        <line num="455" count="55" type="stmt"/>
        <line num="456" count="55" type="stmt"/>
        <line num="458" count="55" type="stmt"/>
      </file>
      <file name="preview.ts" path="/home/denis/Documents/Croct/code/plug/plug-js/src/preview.ts">
        <metrics statements="99" coveredstatements="99" conditionals="20" coveredconditionals="19" methods="18" coveredmethods="18"/>
        <line num="1" count="2" type="stmt"/>
        <line num="4" count="2" type="stmt"/>
        <line num="5" count="2" type="stmt"/>
        <line num="7" count="2" type="stmt"/>
        <line num="8" count="2" type="stmt"/>
        <line num="15" count="2" type="stmt"/>
        <line num="16" count="2" type="stmt"/>
        <line num="29" count="69" type="stmt"/>
        <line num="32" count="69" type="stmt"/>
        <line num="33" count="69" type="stmt"/>
        <line num="37" count="68" type="stmt"/>
        <line num="38" count="68" type="stmt"/>
        <line num="40" count="68" type="cond" truecount="1" falsecount="0"/>
        <line num="41" count="5" type="stmt"/>
        <line num="43" count="5" type="stmt"/>
        <line num="48" count="5" type="stmt"/>
        <line num="51" count="68" type="stmt"/>
        <line num="53" count="68" type="cond" truecount="1" falsecount="0"/>
        <line num="54" count="9" type="stmt"/>
        <line num="59" count="55" type="stmt"/>
        <line num="61" count="55" type="stmt"/>
        <line num="65" count="5" type="cond" truecount="1" falsecount="0"/>
        <line num="66" count="1" type="stmt"/>
        <line num="68" count="1" type="stmt"/>
        <line num="70" count="1" type="stmt"/>
        <line num="73" count="4" type="stmt"/>
        <line num="74" count="4" type="stmt"/>
        <line num="75" count="3" type="stmt"/>
        <line num="77" count="3" type="cond" truecount="3" falsecount="0"/>
        <line num="78" count="2" type="stmt"/>
        <line num="80" count="2" type="stmt"/>
        <line num="83" count="3" type="stmt"/>
        <line num="85" count="3" type="stmt"/>
        <line num="87" count="1" type="stmt"/>
        <line num="89" count="1" type="stmt"/>
        <line num="94" count="9" type="stmt"/>
        <line num="95" count="9" type="stmt"/>
        <line num="97" count="9" type="cond" truecount="1" falsecount="0"/>
        <line num="98" count="8" type="stmt"/>
        <line num="101" count="9" type="stmt"/>
        <line num="105" count="9" type="cond" truecount="0" falsecount="1"/>
        <line num="106" count="9" type="stmt"/>
        <line num="108" count="9" type="cond" truecount="4" falsecount="0"/>
        <line num="109" count="1" type="stmt"/>
        <line num="112" count="8" type="stmt"/>
        <line num="113" count="48" type="stmt"/>
        <line num="115" count="48" type="cond" truecount="1" falsecount="0"/>
        <line num="116" count="48" type="stmt"/>
        <line num="120" count="8" type="stmt"/>
        <line num="124" count="9" type="stmt"/>
        <line num="126" count="9" type="stmt"/>
        <line num="127" count="3" type="cond" truecount="1" falsecount="0"/>
        <line num="128" count="1" type="stmt"/>
        <line num="131" count="2" type="cond" truecount="2" falsecount="0"/>
        <line num="133" count="1" type="stmt"/>
        <line num="135" count="1" type="stmt"/>
        <line num="137" count="1" type="stmt"/>
        <line num="139" count="1" type="stmt"/>
        <line num="141" count="1" type="stmt"/>
        <line num="145" count="1" type="stmt"/>
        <line num="146" count="1" type="stmt"/>
        <line num="148" count="1" type="stmt"/>
        <line num="152" count="9" type="stmt"/>
        <line num="154" count="9" type="stmt"/>
        <line num="156" count="9" type="stmt"/>
        <line num="157" count="9" type="stmt"/>
        <line num="159" count="9" type="stmt"/>
        <line num="161" count="9" type="stmt"/>
        <line num="163" count="9" type="stmt"/>
        <line num="166" count="9" type="stmt"/>
        <line num="167" count="1" type="cond" truecount="1" falsecount="0"/>
        <line num="168" count="1" type="stmt"/>
        <line num="170" count="1" type="stmt"/>
        <line num="174" count="9" type="stmt"/>
        <line num="178" count="9" type="stmt"/>
        <line num="181" count="9" type="cond" truecount="2" falsecount="0"/>
        <line num="182" count="7" type="stmt"/>
        <line num="184" count="2" type="stmt"/>
        <line num="185" count="2" type="stmt"/>
        <line num="186" count="2" type="stmt"/>
        <line num="191" count="6" type="stmt"/>
        <line num="193" count="6" type="cond" truecount="1" falsecount="0"/>
        <line num="194" count="6" type="stmt"/>
        <line num="196" count="6" type="stmt"/>
        <line num="201" count="9" type="stmt"/>
        <line num="203" count="9" type="stmt"/>
        <line num="204" count="9" type="stmt"/>
        <line num="206" count="9" type="stmt"/>
        <line num="207" count="9" type="stmt"/>
        <line num="208" count="9" type="stmt"/>
        <line num="209" count="9" type="stmt"/>
        <line num="210" count="9" type="stmt"/>
        <line num="211" count="9" type="stmt"/>
        <line num="212" count="9" type="stmt"/>
        <line num="213" count="9" type="stmt"/>
        <line num="215" count="9" type="stmt"/>
        <line num="219" count="2" type="stmt"/>
        <line num="220" count="55" type="stmt"/>
        <line num="222" count="55" type="stmt"/>
      </file>
    </package>
    <package name="src.api">
      <metrics statements="33" coveredstatements="33" conditionals="19" coveredconditionals="17" methods="4" coveredmethods="4"/>
      <file name="evaluate.ts" path="/home/denis/Documents/Croct/code/plug/plug-js/src/api/evaluate.ts">
        <metrics statements="13" coveredstatements="13" conditionals="6" coveredconditionals="5" methods="2" coveredmethods="2"/>
        <line num="1" count="2" type="stmt"/>
        <line num="4" count="2" type="stmt"/>
        <line num="27" count="2" type="stmt"/>
        <line num="28" count="3" type="stmt"/>
        <line num="29" count="3" type="cond" truecount="2" falsecount="0"/>
        <line num="30" count="3" type="stmt"/>
        <line num="33" count="3" type="cond" truecount="1" falsecount="0"/>
        <line num="34" count="1" type="stmt"/>
        <line num="36" count="1" type="cond" truecount="1" falsecount="0"/>
        <line num="37" count="1" type="cond" truecount="1" falsecount="1"/>
        <line num="41" count="1" type="stmt"/>
        <line num="44" count="1" type="stmt"/>
        <line num="49" count="2" type="stmt"/>
      </file>
      <file name="fetchContent.ts" path="/home/denis/Documents/Croct/code/plug/plug-js/src/api/fetchContent.ts">
        <metrics statements="18" coveredstatements="18" conditionals="13" coveredconditionals="12" methods="2" coveredmethods="2"/>
        <line num="1" count="2" type="stmt"/>
        <line num="8" count="2" type="stmt"/>
        <line num="9" count="2" type="stmt"/>
        <line num="42" count="2" type="stmt"/>
        <line num="54" count="10" type="cond" truecount="1" falsecount="1"/>
        <line num="56" count="10" type="stmt"/>
        <line num="57" count="10" type="cond" truecount="1" falsecount="0"/>
        <line num="58" count="10" type="cond" truecount="2" falsecount="0"/>
        <line num="60" count="10" type="stmt"/>
        <line num="67" count="10" type="stmt"/>
        <line num="69" count="5" type="cond" truecount="1" falsecount="0"/>
        <line num="70" count="4" type="stmt"/>
        <line num="73" count="5" type="cond" truecount="1" falsecount="0"/>
        <line num="74" count="1" type="stmt"/>
        <line num="77" count="4" type="stmt"/>
        <line num="79" count="4" type="cond" truecount="1" falsecount="0"/>
        <line num="80" count="2" type="stmt"/>
        <line num="83" count="2" type="stmt"/>
      </file>
      <file name="index.ts" path="/home/denis/Documents/Croct/code/plug/plug-js/src/api/index.ts">
        <metrics statements="2" coveredstatements="2" conditionals="0" coveredconditionals="0" methods="0" coveredmethods="0"/>
        <line num="1" count="2" type="stmt"/>
        <line num="2" count="2" type="stmt"/>
      </file>
    </package>
    <package name="src.sdk">
      <metrics statements="4" coveredstatements="4" conditionals="0" coveredconditionals="0" methods="4" coveredmethods="2"/>
      <file name="index.ts" path="/home/denis/Documents/Croct/code/plug/plug-js/src/sdk/index.ts">
        <metrics statements="3" coveredstatements="3" conditionals="0" coveredconditionals="0" methods="3" coveredmethods="1"/>
        <line num="5" count="1" type="stmt"/>
        <line num="6" count="1" type="stmt"/>
        <line num="7" count="16" type="stmt"/>
      </file>
      <file name="token.ts" path="/home/denis/Documents/Croct/code/plug/plug-js/src/sdk/token.ts">
        <metrics statements="1" coveredstatements="1" conditionals="0" coveredconditionals="0" methods="1" coveredmethods="1"/>
        <line num="1" count="7" type="stmt"/>
      </file>
    </package>
  </project>
</coverage>
