{"/home/denis/Documents/Croct/code/plug/plug-js/src/playground.ts": {"path":"/home/denis/Documents/Croct/code/plug/plug-js/src/playground.ts","statementMap":{"0":{"start":{"line":1,"column":0},"end":{"line":1,"column":45}},"1":{"start":{"line":3,"column":0},"end":{"line":3,"column":84}},"2":{"start":{"line":6,"column":0},"end":{"line":6,"column":70}},"3":{"start":{"line":10,"column":29},"end":{"line":10,"column":38}},"4":{"start":{"line":63,"column":8},"end":{"line":63,"column":51}},"5":{"start":{"line":64,"column":8},"end":{"line":64,"column":41}},"6":{"start":{"line":65,"column":8},"end":{"line":65,"column":55}},"7":{"start":{"line":66,"column":8},"end":{"line":66,"column":37}},"8":{"start":{"line":67,"column":8},"end":{"line":67,"column":59}},"9":{"start":{"line":68,"column":8},"end":{"line":68,"column":45}},"10":{"start":{"line":69,"column":8},"end":{"line":69,"column":61}},"11":{"start":{"line":70,"column":8},"end":{"line":70,"column":53}},"12":{"start":{"line":71,"column":8},"end":{"line":71,"column":57}},"13":{"start":{"line":72,"column":8},"end":{"line":72,"column":43}},"14":{"start":{"line":76,"column":29},"end":{"line":76,"column":55}},"15":{"start":{"line":78,"column":8},"end":{"line":80,"column":9}},"16":{"start":{"line":79,"column":12},"end":{"line":79,"column":19}},"17":{"start":{"line":82,"column":8},"end":{"line":89,"column":15}},"18":{"start":{"line":82,"column":49},"end":{"line":89,"column":14}},"19":{"start":{"line":85,"column":16},"end":{"line":85,"column":50}},"20":{"start":{"line":88,"column":16},"end":{"line":88,"column":71}},"21":{"start":{"line":91,"column":8},"end":{"line":91,"column":76}},"22":{"start":{"line":92,"column":8},"end":{"line":92,"column":61}},"23":{"start":{"line":94,"column":8},"end":{"line":94,"column":35}},"24":{"start":{"line":98,"column":8},"end":{"line":102,"column":9}},"25":{"start":{"line":99,"column":12},"end":{"line":99,"column":71}},"26":{"start":{"line":101,"column":12},"end":{"line":101,"column":37}},"27":{"start":{"line":104,"column":20},"end":{"line":104,"column":41}},"28":{"start":{"line":106,"column":27},"end":{"line":106,"column":69}},"29":{"start":{"line":108,"column":8},"end":{"line":120,"column":9}},"30":{"start":{"line":109,"column":12},"end":{"line":109,"column":63}},"31":{"start":{"line":111,"column":12},"end":{"line":111,"column":64}},"32":{"start":{"line":113,"column":12},"end":{"line":117,"column":14}},"33":{"start":{"line":119,"column":12},"end":{"line":119,"column":32}},"34":{"start":{"line":122,"column":8},"end":{"line":122,"column":56}},"35":{"start":{"line":124,"column":8},"end":{"line":124,"column":59}},"36":{"start":{"line":126,"column":8},"end":{"line":126,"column":28}},"37":{"start":{"line":130,"column":8},"end":{"line":135,"column":9}},"38":{"start":{"line":131,"column":12},"end":{"line":131,"column":83}},"39":{"start":{"line":132,"column":12},"end":{"line":132,"column":68}},"40":{"start":{"line":134,"column":12},"end":{"line":134,"column":37}},"41":{"start":{"line":139,"column":23},"end":{"line":139,"column":55}},"42":{"start":{"line":141,"column":8},"end":{"line":141,"column":59}},"43":{"start":{"line":142,"column":8},"end":{"line":142,"column":74}},"44":{"start":{"line":143,"column":8},"end":{"line":143,"column":43}},"45":{"start":{"line":144,"column":8},"end":{"line":144,"column":35}},"46":{"start":{"line":145,"column":8},"end":{"line":145,"column":34}},"47":{"start":{"line":146,"column":8},"end":{"line":146,"column":33}},"48":{"start":{"line":147,"column":8},"end":{"line":147,"column":34}},"49":{"start":{"line":149,"column":24},"end":{"line":149,"column":44}},"50":{"start":{"line":151,"column":8},"end":{"line":193,"column":10}},"51":{"start":{"line":152,"column":12},"end":{"line":160,"column":13}},"52":{"start":{"line":153,"column":16},"end":{"line":155,"column":17}},"53":{"start":{"line":154,"column":20},"end":{"line":154,"column":54}},"54":{"start":{"line":157,"column":16},"end":{"line":157,"column":58}},"55":{"start":{"line":159,"column":16},"end":{"line":159,"column":23}},"56":{"start":{"line":162,"column":29},"end":{"line":174,"column":13}},"57":{"start":{"line":163,"column":16},"end":{"line":165,"column":17}},"58":{"start":{"line":164,"column":20},"end":{"line":164,"column":27}},"59":{"start":{"line":167,"column":16},"end":{"line":167,"column":64}},"60":{"start":{"line":169,"column":16},"end":{"line":171,"column":17}},"61":{"start":{"line":170,"column":20},"end":{"line":170,"column":54}},"62":{"start":{"line":173,"column":16},"end":{"line":173,"column":52}},"63":{"start":{"line":176,"column":12},"end":{"line":176,"column":57}},"64":{"start":{"line":178,"column":41},"end":{"line":188,"column":14}},"65":{"start":{"line":190,"column":12},"end":{"line":190,"column":73}},"66":{"start":{"line":192,"column":12},"end":{"line":192,"column":68}},"67":{"start":{"line":195,"column":8},"end":{"line":195,"column":42}},"68":{"start":{"line":197,"column":24},"end":{"line":199,"column":9}},"69":{"start":{"line":198,"column":12},"end":{"line":198,"column":46}},"70":{"start":{"line":201,"column":8},"end":{"line":205,"column":9}},"71":{"start":{"line":202,"column":12},"end":{"line":202,"column":67}},"72":{"start":{"line":204,"column":12},"end":{"line":204,"column":22}},"73":{"start":{"line":209,"column":43},"end":{"line":209,"column":78}},"74":{"start":{"line":210,"column":43},"end":{"line":210,"column":45}},"75":{"start":{"line":212,"column":8},"end":{"line":214,"column":9}},"76":{"start":{"line":213,"column":12},"end":{"line":213,"column":32}},"77":{"start":{"line":216,"column":8},"end":{"line":218,"column":9}},"78":{"start":{"line":217,"column":12},"end":{"line":217,"column":40}},"79":{"start":{"line":220,"column":8},"end":{"line":222,"column":9}},"80":{"start":{"line":221,"column":12},"end":{"line":221,"column":40}},"81":{"start":{"line":224,"column":8},"end":{"line":224,"column":23}},"82":{"start":{"line":39,"column":0},"end":{"line":39,"column":13}},"83":{"start":{"line":232,"column":47},"end":{"line":247,"column":1}},"84":{"start":{"line":233,"column":27},"end":{"line":233,"column":32}},"85":{"start":{"line":235,"column":4},"end":{"line":246,"column":7}},"86":{"start":{"line":232,"column":13},"end":{"line":232,"column":47}}},"fnMap":{"0":{"name":"(anonymous_0)","decl":{"start":{"line":62,"column":4},"end":{"line":62,"column":23}},"loc":{"start":{"line":62,"column":51},"end":{"line":73,"column":5}}},"1":{"name":"(anonymous_1)","decl":{"start":{"line":75,"column":11},"end":{"line":75,"column":17}},"loc":{"start":{"line":75,"column":17},"end":{"line":95,"column":5}}},"2":{"name":"(anonymous_2)","decl":{"start":{"line":82,"column":28},"end":{"line":82,"column":46}},"loc":{"start":{"line":82,"column":49},"end":{"line":89,"column":14}}},"3":{"name":"(anonymous_3)","decl":{"start":{"line":84,"column":18},"end":{"line":84,"column":21}},"loc":{"start":{"line":84,"column":24},"end":{"line":86,"column":13}}},"4":{"name":"(anonymous_4)","decl":{"start":{"line":87,"column":19},"end":{"line":87,"column":24}},"loc":{"start":{"line":87,"column":27},"end":{"line":89,"column":13}}},"5":{"name":"(anonymous_5)","decl":{"start":{"line":97,"column":12},"end":{"line":97,"column":31}},"loc":{"start":{"line":97,"column":31},"end":{"line":127,"column":5}}},"6":{"name":"(anonymous_6)","decl":{"start":{"line":129,"column":11},"end":{"line":129,"column":18}},"loc":{"start":{"line":129,"column":18},"end":{"line":136,"column":5}}},"7":{"name":"(anonymous_7)","decl":{"start":{"line":138,"column":12},"end":{"line":138,"column":21}},"loc":{"start":{"line":138,"column":55},"end":{"line":206,"column":5}}},"8":{"name":"(anonymous_8)","decl":{"start":{"line":151,"column":24},"end":{"line":151,"column":33}},"loc":{"start":{"line":151,"column":35},"end":{"line":193,"column":9}}},"9":{"name":"(anonymous_9)","decl":{"start":{"line":162,"column":29},"end":{"line":162,"column":30}},"loc":{"start":{"line":162,"column":59},"end":{"line":174,"column":13}}},"10":{"name":"(anonymous_10)","decl":{"start":{"line":197,"column":24},"end":{"line":197,"column":33}},"loc":{"start":{"line":197,"column":35},"end":{"line":199,"column":9}}},"11":{"name":"(anonymous_11)","decl":{"start":{"line":208,"column":12},"end":{"line":208,"column":25}},"loc":{"start":{"line":208,"column":25},"end":{"line":225,"column":5}}},"12":{"name":"(anonymous_12)","decl":{"start":{"line":232,"column":47},"end":{"line":232,"column":48}},"loc":{"start":{"line":232,"column":75},"end":{"line":247,"column":1}}}},"branchMap":{"0":{"loc":{"start":{"line":78,"column":8},"end":{"line":80,"column":9}},"type":"if","locations":[{"start":{"line":78,"column":8},"end":{"line":80,"column":9}}]},"1":{"loc":{"start":{"line":98,"column":8},"end":{"line":102,"column":9}},"type":"if","locations":[{"start":{"line":98,"column":8},"end":{"line":102,"column":9}}]},"2":{"loc":{"start":{"line":108,"column":8},"end":{"line":120,"column":9}},"type":"if","locations":[{"start":{"line":108,"column":8},"end":{"line":120,"column":9}}]},"3":{"loc":{"start":{"line":108,"column":12},"end":{"line":108,"column":56}},"type":"binary-expr","locations":[{"start":{"line":108,"column":12},"end":{"line":108,"column":33}},{"start":{"line":108,"column":37},"end":{"line":108,"column":56}}]},"4":{"loc":{"start":{"line":114,"column":16},"end":{"line":116,"column":55}},"type":"cond-expr","locations":[{"start":{"line":115,"column":22},"end":{"line":115,"column":52}},{"start":{"line":116,"column":22},"end":{"line":116,"column":55}}]},"5":{"loc":{"start":{"line":130,"column":8},"end":{"line":135,"column":9}},"type":"if","locations":[{"start":{"line":130,"column":8},"end":{"line":135,"column":9}}]},"6":{"loc":{"start":{"line":152,"column":12},"end":{"line":160,"column":13}},"type":"if","locations":[{"start":{"line":152,"column":12},"end":{"line":160,"column":13}}]},"7":{"loc":{"start":{"line":153,"column":16},"end":{"line":155,"column":17}},"type":"if","locations":[{"start":{"line":153,"column":16},"end":{"line":155,"column":17}}]},"8":{"loc":{"start":{"line":163,"column":16},"end":{"line":165,"column":17}},"type":"if","locations":[{"start":{"line":163,"column":16},"end":{"line":165,"column":17}}]},"9":{"loc":{"start":{"line":163,"column":20},"end":{"line":163,"column":85}},"type":"binary-expr","locations":[{"start":{"line":163,"column":20},"end":{"line":163,"column":54}},{"start":{"line":163,"column":58},"end":{"line":163,"column":85}}]},"10":{"loc":{"start":{"line":169,"column":16},"end":{"line":171,"column":17}},"type":"if","locations":[{"start":{"line":169,"column":16},"end":{"line":171,"column":17}}]},"11":{"loc":{"start":{"line":184,"column":23},"end":{"line":186,"column":40}},"type":"binary-expr","locations":[{"start":{"line":184,"column":23},"end":{"line":186,"column":32}},{"start":{"line":186,"column":36},"end":{"line":186,"column":40}}]},"12":{"loc":{"start":{"line":201,"column":8},"end":{"line":205,"column":9}},"type":"if","locations":[{"start":{"line":201,"column":8},"end":{"line":205,"column":9}},{"start":{"line":203,"column":15},"end":{"line":205,"column":9}}]},"13":{"loc":{"start":{"line":212,"column":8},"end":{"line":214,"column":9}},"type":"if","locations":[{"start":{"line":212,"column":8},"end":{"line":214,"column":9}}]},"14":{"loc":{"start":{"line":216,"column":8},"end":{"line":218,"column":9}},"type":"if","locations":[{"start":{"line":216,"column":8},"end":{"line":218,"column":9}}]},"15":{"loc":{"start":{"line":220,"column":8},"end":{"line":222,"column":9}},"type":"if","locations":[{"start":{"line":220,"column":8},"end":{"line":222,"column":9}}]}},"s":{"0":2,"1":2,"2":2,"3":2,"4":69,"5":69,"6":69,"7":69,"8":69,"9":69,"10":69,"11":69,"12":69,"13":69,"14":68,"15":68,"16":55,"17":13,"18":15,"19":14,"20":1,"21":13,"22":13,"23":13,"24":68,"25":10,"26":10,"27":58,"28":58,"29":58,"30":56,"31":56,"32":56,"33":56,"34":2,"35":2,"36":2,"37":69,"38":13,"39":13,"40":13,"41":14,"42":14,"43":14,"44":14,"45":14,"46":14,"47":14,"48":14,"49":14,"50":14,"51":13,"52":1,"53":1,"54":1,"55":1,"56":12,"57":13,"58":3,"59":10,"60":10,"61":10,"62":10,"63":12,"64":12,"65":12,"66":12,"67":14,"68":14,"69":14,"70":14,"71":1,"72":13,"73":14,"74":14,"75":14,"76":13,"77":14,"78":12,"79":14,"80":13,"81":14,"82":2,"83":2,"84":55,"85":55,"86":2},"f":{"0":69,"1":68,"2":15,"3":14,"4":1,"5":68,"6":69,"7":14,"8":13,"9":13,"10":14,"11":14,"12":55},"b":{"0":[55],"1":[10],"2":[56],"3":[58,2],"4":[1,55],"5":[13],"6":[1],"7":[1],"8":[3],"9":[13,12],"10":[10],"11":[12,10],"12":[1,13],"13":[13],"14":[12],"15":[13]}}
,"/home/denis/Documents/Croct/code/plug/plug-js/src/plug.ts": {"path":"/home/denis/Documents/Croct/code/plug/plug-js/src/plug.ts","statementMap":{"0":{"start":{"line":6,"column":0},"end":{"line":6,"column":95}},"1":{"start":{"line":7,"column":0},"end":{"line":7,"column":45}},"2":{"start":{"line":8,"column":0},"end":{"line":8,"column":47}},"3":{"start":{"line":10,"column":0},"end":{"line":10,"column":39}},"4":{"start":{"line":16,"column":0},"end":{"line":16,"column":35}},"5":{"start":{"line":18,"column":0},"end":{"line":18,"column":47}},"6":{"start":{"line":20,"column":0},"end":{"line":20,"column":36}},"7":{"start":{"line":21,"column":0},"end":{"line":21,"column":64}},"8":{"start":{"line":22,"column":0},"end":{"line":22,"column":58}},"9":{"start":{"line":78,"column":25},"end":{"line":78,"column":33}},"10":{"start":{"line":81,"column":19},"end":{"line":81,"column":77}},"11":{"start":{"line":83,"column":4},"end":{"line":85,"column":5}},"12":{"start":{"line":84,"column":8},"end":{"line":84,"column":20}},"13":{"start":{"line":87,"column":4},"end":{"line":87,"column":59}},"14":{"start":{"line":91,"column":12},"end":{"line":94,"column":6}},"15":{"start":{"line":98,"column":12},"end":{"line":98,"column":50}},"16":{"start":{"line":105,"column":8},"end":{"line":107,"column":11}},"17":{"start":{"line":106,"column":12},"end":{"line":106,"column":38}},"18":{"start":{"line":111,"column":8},"end":{"line":113,"column":9}},"19":{"start":{"line":112,"column":12},"end":{"line":112,"column":89}},"20":{"start":{"line":115,"column":8},"end":{"line":115,"column":44}},"21":{"start":{"line":119,"column":8},"end":{"line":125,"column":9}},"22":{"start":{"line":120,"column":27},"end":{"line":120,"column":52}},"23":{"start":{"line":122,"column":12},"end":{"line":122,"column":56}},"24":{"start":{"line":124,"column":12},"end":{"line":124,"column":19}},"25":{"start":{"line":127,"column":30},"end":{"line":127,"column":43}},"26":{"start":{"line":128,"column":32},"end":{"line":128,"column":59}},"27":{"start":{"line":130,"column":8},"end":{"line":138,"column":9}},"28":{"start":{"line":131,"column":12},"end":{"line":137,"column":14}},"29":{"start":{"line":140,"column":22},"end":{"line":140,"column":54}},"30":{"start":{"line":142,"column":8},"end":{"line":148,"column":9}},"31":{"start":{"line":143,"column":12},"end":{"line":147,"column":14}},"32":{"start":{"line":150,"column":53},"end":{"line":150,"column":66}},"33":{"start":{"line":152,"column":8},"end":{"line":154,"column":9}},"34":{"start":{"line":153,"column":12},"end":{"line":153,"column":59}},"35":{"start":{"line":156,"column":20},"end":{"line":164,"column":10}},"36":{"start":{"line":166,"column":8},"end":{"line":166,"column":28}},"37":{"start":{"line":168,"column":23},"end":{"line":168,"column":48}},"38":{"start":{"line":170,"column":8},"end":{"line":175,"column":9}},"39":{"start":{"line":171,"column":12},"end":{"line":174,"column":14}},"40":{"start":{"line":177,"column":46},"end":{"line":177,"column":48}},"41":{"start":{"line":179,"column":38},"end":{"line":181,"column":null}},"42":{"start":{"line":181,"column":29},"end":{"line":181,"column":41}},"43":{"start":{"line":184,"column":8},"end":{"line":267,"column":9}},"44":{"start":{"line":185,"column":12},"end":{"line":185,"column":61}},"45":{"start":{"line":187,"column":28},"end":{"line":187,"column":54}},"46":{"start":{"line":189,"column":12},"end":{"line":193,"column":13}},"47":{"start":{"line":190,"column":16},"end":{"line":190,"column":68}},"48":{"start":{"line":192,"column":16},"end":{"line":192,"column":25}},"49":{"start":{"line":195,"column":12},"end":{"line":202,"column":13}},"50":{"start":{"line":196,"column":16},"end":{"line":199,"column":18}},"51":{"start":{"line":201,"column":16},"end":{"line":201,"column":25}},"52":{"start":{"line":204,"column":12},"end":{"line":208,"column":13}},"53":{"start":{"line":205,"column":16},"end":{"line":205,"column":76}},"54":{"start":{"line":207,"column":16},"end":{"line":207,"column":25}},"55":{"start":{"line":210,"column":42},"end":{"line":235,"column":14}},"56":{"start":{"line":227,"column":67},"end":{"line":227,"column":118}},"57":{"start":{"line":229,"column":24},"end":{"line":229,"column":79}},"58":{"start":{"line":232,"column":24},"end":{"line":232,"column":83}},"59":{"start":{"line":239,"column":12},"end":{"line":245,"column":13}},"60":{"start":{"line":240,"column":16},"end":{"line":240,"column":39}},"61":{"start":{"line":242,"column":16},"end":{"line":242,"column":93}},"62":{"start":{"line":244,"column":16},"end":{"line":244,"column":25}},"63":{"start":{"line":247,"column":12},"end":{"line":247,"column":57}},"64":{"start":{"line":249,"column":12},"end":{"line":251,"column":13}},"65":{"start":{"line":250,"column":16},"end":{"line":250,"column":25}},"66":{"start":{"line":253,"column":12},"end":{"line":253,"column":40}},"67":{"start":{"line":255,"column":28},"end":{"line":255,"column":43}},"68":{"start":{"line":257,"column":12},"end":{"line":261,"column":13}},"69":{"start":{"line":258,"column":16},"end":{"line":258,"column":57}},"70":{"start":{"line":260,"column":16},"end":{"line":260,"column":25}},"71":{"start":{"line":263,"column":12},"end":{"line":266,"column":14}},"72":{"start":{"line":264,"column":35},"end":{"line":264,"column":75}},"73":{"start":{"line":265,"column":36},"end":{"line":265,"column":108}},"74":{"start":{"line":269,"column":8},"end":{"line":274,"column":15}},"75":{"start":{"line":271,"column":16},"end":{"line":271,"column":34}},"76":{"start":{"line":273,"column":16},"end":{"line":273,"column":56}},"77":{"start":{"line":278,"column":8},"end":{"line":278,"column":43}},"78":{"start":{"line":282,"column":8},"end":{"line":282,"column":43}},"79":{"start":{"line":282,"column":37},"end":{"line":282,"column":41}},"80":{"start":{"line":286,"column":8},"end":{"line":288,"column":30}},"81":{"start":{"line":288,"column":24},"end":{"line":288,"column":28}},"82":{"start":{"line":292,"column":8},"end":{"line":294,"column":9}},"83":{"start":{"line":293,"column":12},"end":{"line":293,"column":119}},"84":{"start":{"line":296,"column":8},"end":{"line":296,"column":29}},"85":{"start":{"line":300,"column":8},"end":{"line":300,"column":32}},"86":{"start":{"line":304,"column":8},"end":{"line":304,"column":34}},"87":{"start":{"line":308,"column":8},"end":{"line":308,"column":29}},"88":{"start":{"line":312,"column":8},"end":{"line":312,"column":32}},"89":{"start":{"line":316,"column":8},"end":{"line":318,"column":27}},"90":{"start":{"line":322,"column":8},"end":{"line":324,"column":23}},"91":{"start":{"line":328,"column":8},"end":{"line":332,"column":9}},"92":{"start":{"line":329,"column":12},"end":{"line":331,"column":14}},"93":{"start":{"line":334,"column":8},"end":{"line":334,"column":34}},"94":{"start":{"line":338,"column":8},"end":{"line":338,"column":29}},"95":{"start":{"line":342,"column":8},"end":{"line":342,"column":46}},"96":{"start":{"line":346,"column":8},"end":{"line":346,"column":30}},"97":{"start":{"line":350,"column":8},"end":{"line":352,"column":34}},"98":{"start":{"line":356,"column":8},"end":{"line":366,"column":29}},"99":{"start":{"line":360,"column":31},"end":{"line":360,"column":51}},"100":{"start":{"line":361,"column":34},"end":{"line":361,"column":88}},"101":{"start":{"line":363,"column":16},"end":{"line":363,"column":95}},"102":{"start":{"line":365,"column":16},"end":{"line":365,"column":28}},"103":{"start":{"line":370,"column":8},"end":{"line":371,"column":45}},"104":{"start":{"line":371,"column":28},"end":{"line":371,"column":43}},"105":{"start":{"line":388,"column":41},"end":{"line":388,"column":106}},"106":{"start":{"line":389,"column":23},"end":{"line":389,"column":43}},"107":{"start":{"line":390,"column":33},"end":{"line":390,"column":85}},"108":{"start":{"line":392,"column":8},"end":{"line":411,"column":15}},"109":{"start":{"line":400,"column":16},"end":{"line":400,"column":107}},"110":{"start":{"line":402,"column":41},"end":{"line":404,"column":30}},"111":{"start":{"line":406,"column":16},"end":{"line":408,"column":17}},"112":{"start":{"line":407,"column":20},"end":{"line":407,"column":32}},"113":{"start":{"line":410,"column":16},"end":{"line":410,"column":51}},"114":{"start":{"line":415,"column":8},"end":{"line":417,"column":9}},"115":{"start":{"line":416,"column":12},"end":{"line":416,"column":19}},"116":{"start":{"line":419,"column":36},"end":{"line":419,"column":40}},"117":{"start":{"line":421,"column":23},"end":{"line":421,"column":43}},"118":{"start":{"line":422,"column":46},"end":{"line":422,"column":48}},"119":{"start":{"line":424,"column":8},"end":{"line":443,"column":9}},"120":{"start":{"line":425,"column":12},"end":{"line":427,"column":13}},"121":{"start":{"line":426,"column":16},"end":{"line":426,"column":25}},"122":{"start":{"line":429,"column":12},"end":{"line":429,"column":64}},"123":{"start":{"line":431,"column":28},"end":{"line":431,"column":48}},"124":{"start":{"line":433,"column":12},"end":{"line":437,"column":13}},"125":{"start":{"line":434,"column":16},"end":{"line":434,"column":64}},"126":{"start":{"line":436,"column":16},"end":{"line":436,"column":25}},"127":{"start":{"line":439,"column":12},"end":{"line":442,"column":14}},"128":{"start":{"line":440,"column":35},"end":{"line":440,"column":82}},"129":{"start":{"line":441,"column":36},"end":{"line":441,"column":108}},"130":{"start":{"line":446,"column":8},"end":{"line":446,"column":29}},"131":{"start":{"line":448,"column":8},"end":{"line":448,"column":26}},"132":{"start":{"line":449,"column":8},"end":{"line":451,"column":11}},"133":{"start":{"line":450,"column":12},"end":{"line":450,"column":38}},"134":{"start":{"line":453,"column":8},"end":{"line":453,"column":35}},"135":{"start":{"line":455,"column":8},"end":{"line":459,"column":9}},"136":{"start":{"line":456,"column":12},"end":{"line":456,"column":35}},"137":{"start":{"line":458,"column":12},"end":{"line":458,"column":56}},"138":{"start":{"line":90,"column":0},"end":{"line":90,"column":13}}},"fnMap":{"0":{"name":"detectAppId","decl":{"start":{"line":80,"column":9},"end":{"line":80,"column":20}},"loc":{"start":{"line":80,"column":20},"end":{"line":88,"column":1}}},"1":{"name":"(anonymous_1)","decl":{"start":{"line":104,"column":4},"end":{"line":104,"column":null}},"loc":{"start":{"line":104,"column":4},"end":{"line":108,"column":5}}},"2":{"name":"(anonymous_2)","decl":{"start":{"line":105,"column":33},"end":{"line":105,"column":40}},"loc":{"start":{"line":105,"column":43},"end":{"line":107,"column":9}}},"3":{"name":"(anonymous_3)","decl":{"start":{"line":110,"column":11},"end":{"line":110,"column":17}},"loc":{"start":{"line":110,"column":53},"end":{"line":116,"column":5}}},"4":{"name":"(anonymous_4)","decl":{"start":{"line":118,"column":11},"end":{"line":118,"column":15}},"loc":{"start":{"line":118,"column":49},"end":{"line":275,"column":5}}},"5":{"name":"(anonymous_5)","decl":{"start":{"line":181,"column":21},"end":{"line":181,"column":25}},"loc":{"start":{"line":181,"column":29},"end":{"line":181,"column":41}}},"6":{"name":"(anonymous_6)","decl":{"start":{"line":227,"column":31},"end":{"line":227,"column":32}},"loc":{"start":{"line":227,"column":67},"end":{"line":227,"column":118}}},"7":{"name":"(anonymous_7)","decl":{"start":{"line":228,"column":35},"end":{"line":228,"column":36}},"loc":{"start":{"line":229,"column":24},"end":{"line":229,"column":79}}},"8":{"name":"(anonymous_8)","decl":{"start":{"line":231,"column":39},"end":{"line":231,"column":40}},"loc":{"start":{"line":232,"column":24},"end":{"line":232,"column":83}}},"9":{"name":"(anonymous_9)","decl":{"start":{"line":264,"column":29},"end":{"line":264,"column":32}},"loc":{"start":{"line":264,"column":35},"end":{"line":264,"column":75}}},"10":{"name":"(anonymous_10)","decl":{"start":{"line":265,"column":27},"end":{"line":265,"column":32}},"loc":{"start":{"line":265,"column":36},"end":{"line":265,"column":108}}},"11":{"name":"(anonymous_11)","decl":{"start":{"line":270,"column":18},"end":{"line":270,"column":21}},"loc":{"start":{"line":270,"column":23},"end":{"line":274,"column":13}}},"12":{"name":"(anonymous_12)","decl":{"start":{"line":277,"column":4},"end":{"line":277,"column":15}},"loc":{"start":{"line":277,"column":26},"end":{"line":279,"column":5}}},"13":{"name":"(anonymous_13)","decl":{"start":{"line":281,"column":4},"end":{"line":281,"column":15}},"loc":{"start":{"line":281,"column":22},"end":{"line":283,"column":5}}},"14":{"name":"(anonymous_14)","decl":{"start":{"line":282,"column":31},"end":{"line":282,"column":34}},"loc":{"start":{"line":282,"column":37},"end":{"line":282,"column":41}}},"15":{"name":"(anonymous_15)","decl":{"start":{"line":285,"column":4},"end":{"line":285,"column":15}},"loc":{"start":{"line":285,"column":22},"end":{"line":289,"column":5}}},"16":{"name":"(anonymous_16)","decl":{"start":{"line":288,"column":18},"end":{"line":288,"column":21}},"loc":{"start":{"line":288,"column":24},"end":{"line":288,"column":28}}},"17":{"name":"(anonymous_17)","decl":{"start":{"line":291,"column":4},"end":{"line":291,"column":16}},"loc":{"start":{"line":291,"column":19},"end":{"line":297,"column":5}}},"18":{"name":"(anonymous_18)","decl":{"start":{"line":299,"column":4},"end":{"line":299,"column":15}},"loc":{"start":{"line":299,"column":22},"end":{"line":301,"column":5}}},"19":{"name":"(anonymous_19)","decl":{"start":{"line":303,"column":4},"end":{"line":303,"column":15}},"loc":{"start":{"line":303,"column":24},"end":{"line":305,"column":5}}},"20":{"name":"(anonymous_20)","decl":{"start":{"line":307,"column":4},"end":{"line":307,"column":15}},"loc":{"start":{"line":307,"column":19},"end":{"line":309,"column":5}}},"21":{"name":"(anonymous_21)","decl":{"start":{"line":311,"column":4},"end":{"line":311,"column":15}},"loc":{"start":{"line":311,"column":22},"end":{"line":313,"column":5}}},"22":{"name":"(anonymous_22)","decl":{"start":{"line":315,"column":11},"end":{"line":315,"column":22}},"loc":{"start":{"line":315,"column":22},"end":{"line":319,"column":5}}},"23":{"name":"(anonymous_23)","decl":{"start":{"line":321,"column":11},"end":{"line":321,"column":20}},"loc":{"start":{"line":321,"column":20},"end":{"line":325,"column":5}}},"24":{"name":"(anonymous_24)","decl":{"start":{"line":327,"column":11},"end":{"line":327,"column":19}},"loc":{"start":{"line":327,"column":34},"end":{"line":335,"column":5}}},"25":{"name":"(anonymous_25)","decl":{"start":{"line":337,"column":11},"end":{"line":337,"column":20}},"loc":{"start":{"line":337,"column":20},"end":{"line":339,"column":5}}},"26":{"name":"(anonymous_26)","decl":{"start":{"line":341,"column":11},"end":{"line":341,"column":19}},"loc":{"start":{"line":341,"column":33},"end":{"line":343,"column":5}}},"27":{"name":"(anonymous_27)","decl":{"start":{"line":345,"column":11},"end":{"line":345,"column":21}},"loc":{"start":{"line":345,"column":21},"end":{"line":347,"column":5}}},"28":{"name":"(anonymous_28)","decl":{"start":{"line":349,"column":11},"end":{"line":349,"column":16}},"loc":{"start":{"line":349,"column":87},"end":{"line":353,"column":5}}},"29":{"name":"(anonymous_29)","decl":{"start":{"line":355,"column":11},"end":{"line":355,"column":19}},"loc":{"start":{"line":355,"column":87},"end":{"line":367,"column":5}}},"30":{"name":"(anonymous_30)","decl":{"start":{"line":359,"column":19},"end":{"line":359,"column":24}},"loc":{"start":{"line":359,"column":27},"end":{"line":366,"column":13}}},"31":{"name":"(anonymous_31)","decl":{"start":{"line":369,"column":11},"end":{"line":369,"column":15}},"loc":{"start":{"line":369,"column":67},"end":{"line":372,"column":5}}},"32":{"name":"(anonymous_32)","decl":{"start":{"line":371,"column":18},"end":{"line":371,"column":24}},"loc":{"start":{"line":371,"column":28},"end":{"line":371,"column":43}}},"33":{"name":"(anonymous_33)","decl":{"start":{"line":384,"column":11},"end":{"line":384,"column":16}},"loc":{"start":{"line":386,"column":87},"end":{"line":412,"column":5}}},"34":{"name":"(anonymous_34)","decl":{"start":{"line":399,"column":19},"end":{"line":399,"column":24}},"loc":{"start":{"line":399,"column":33},"end":{"line":411,"column":13}}},"35":{"name":"(anonymous_35)","decl":{"start":{"line":414,"column":11},"end":{"line":414,"column":16}},"loc":{"start":{"line":414,"column":23},"end":{"line":460,"column":5}}},"36":{"name":"(anonymous_36)","decl":{"start":{"line":440,"column":29},"end":{"line":440,"column":32}},"loc":{"start":{"line":440,"column":35},"end":{"line":440,"column":82}}},"37":{"name":"(anonymous_37)","decl":{"start":{"line":441,"column":27},"end":{"line":441,"column":32}},"loc":{"start":{"line":441,"column":36},"end":{"line":441,"column":108}}},"38":{"name":"(anonymous_38)","decl":{"start":{"line":449,"column":33},"end":{"line":449,"column":40}},"loc":{"start":{"line":449,"column":43},"end":{"line":451,"column":9}}}},"branchMap":{"0":{"loc":{"start":{"line":83,"column":4},"end":{"line":85,"column":5}},"type":"if","locations":[{"start":{"line":83,"column":4},"end":{"line":85,"column":5}}]},"1":{"loc":{"start":{"line":111,"column":8},"end":{"line":113,"column":9}},"type":"if","locations":[{"start":{"line":111,"column":8},"end":{"line":113,"column":9}}]},"2":{"loc":{"start":{"line":118,"column":16},"end":{"line":118,"column":49}},"type":"default-arg","locations":[{"start":{"line":118,"column":47},"end":{"line":118,"column":49}}]},"3":{"loc":{"start":{"line":119,"column":8},"end":{"line":125,"column":9}},"type":"if","locations":[{"start":{"line":119,"column":8},"end":{"line":125,"column":9}}]},"4":{"loc":{"start":{"line":128,"column":32},"end":{"line":128,"column":59}},"type":"binary-expr","locations":[{"start":{"line":128,"column":32},"end":{"line":128,"column":51}},{"start":{"line":128,"column":55},"end":{"line":128,"column":59}}]},"5":{"loc":{"start":{"line":130,"column":8},"end":{"line":138,"column":9}},"type":"if","locations":[{"start":{"line":130,"column":8},"end":{"line":138,"column":9}}]},"6":{"loc":{"start":{"line":130,"column":12},"end":{"line":130,"column":99}},"type":"binary-expr","locations":[{"start":{"line":130,"column":12},"end":{"line":130,"column":34}},{"start":{"line":130,"column":38},"end":{"line":130,"column":62}},{"start":{"line":130,"column":66},"end":{"line":130,"column":99}}]},"7":{"loc":{"start":{"line":140,"column":22},"end":{"line":140,"column":54}},"type":"binary-expr","locations":[{"start":{"line":140,"column":22},"end":{"line":140,"column":35}},{"start":{"line":140,"column":39},"end":{"line":140,"column":54}}]},"8":{"loc":{"start":{"line":142,"column":8},"end":{"line":148,"column":9}},"type":"if","locations":[{"start":{"line":142,"column":8},"end":{"line":148,"column":9}}]},"9":{"loc":{"start":{"line":152,"column":8},"end":{"line":154,"column":9}},"type":"if","locations":[{"start":{"line":152,"column":8},"end":{"line":154,"column":9}}]},"10":{"loc":{"start":{"line":159,"column":18},"end":{"line":163,"column":14}},"type":"binary-expr","locations":[{"start":{"line":159,"column":18},"end":{"line":159,"column":22}},{"start":{"line":159,"column":27},"end":{"line":159,"column":54}},{"start":{"line":160,"column":16},"end":{"line":162,"column":54}}]},"11":{"loc":{"start":{"line":160,"column":16},"end":{"line":162,"column":54}},"type":"cond-expr","locations":[{"start":{"line":161,"column":22},"end":{"line":161,"column":60}},{"start":{"line":162,"column":22},"end":{"line":162,"column":54}}]},"12":{"loc":{"start":{"line":170,"column":8},"end":{"line":175,"column":9}},"type":"if","locations":[{"start":{"line":170,"column":8},"end":{"line":175,"column":9}}]},"13":{"loc":{"start":{"line":189,"column":12},"end":{"line":193,"column":13}},"type":"if","locations":[{"start":{"line":189,"column":12},"end":{"line":193,"column":13}}]},"14":{"loc":{"start":{"line":195,"column":12},"end":{"line":202,"column":13}},"type":"if","locations":[{"start":{"line":195,"column":12},"end":{"line":202,"column":13}}]},"15":{"loc":{"start":{"line":195,"column":16},"end":{"line":195,"column":97}},"type":"binary-expr","locations":[{"start":{"line":195,"column":16},"end":{"line":195,"column":44}},{"start":{"line":195,"column":49},"end":{"line":195,"column":65}},{"start":{"line":195,"column":69},"end":{"line":195,"column":96}}]},"16":{"loc":{"start":{"line":204,"column":12},"end":{"line":208,"column":13}},"type":"if","locations":[{"start":{"line":204,"column":12},"end":{"line":208,"column":13}}]},"17":{"loc":{"start":{"line":211,"column":25},"end":{"line":211,"column":56}},"type":"cond-expr","locations":[{"start":{"line":211,"column":44},"end":{"line":211,"column":46}},{"start":{"line":211,"column":49},"end":{"line":211,"column":56}}]},"18":{"loc":{"start":{"line":249,"column":12},"end":{"line":251,"column":13}},"type":"if","locations":[{"start":{"line":249,"column":12},"end":{"line":251,"column":13}}]},"19":{"loc":{"start":{"line":257,"column":12},"end":{"line":261,"column":13}},"type":"if","locations":[{"start":{"line":257,"column":12},"end":{"line":261,"column":13}}]},"20":{"loc":{"start":{"line":292,"column":8},"end":{"line":294,"column":9}},"type":"if","locations":[{"start":{"line":292,"column":8},"end":{"line":294,"column":9}}]},"21":{"loc":{"start":{"line":328,"column":8},"end":{"line":332,"column":9}},"type":"if","locations":[{"start":{"line":328,"column":8},"end":{"line":332,"column":9}}]},"22":{"loc":{"start":{"line":355,"column":56},"end":{"line":355,"column":87}},"type":"default-arg","locations":[{"start":{"line":355,"column":85},"end":{"line":355,"column":87}}]},"23":{"loc":{"start":{"line":361,"column":34},"end":{"line":361,"column":88}},"type":"cond-expr","locations":[{"start":{"line":361,"column":54},"end":{"line":361,"column":80}},{"start":{"line":361,"column":83},"end":{"line":361,"column":88}}]},"24":{"loc":{"start":{"line":369,"column":36},"end":{"line":369,"column":67}},"type":"default-arg","locations":[{"start":{"line":369,"column":65},"end":{"line":369,"column":67}}]},"25":{"loc":{"start":{"line":386,"column":8},"end":{"line":386,"column":87}},"type":"default-arg","locations":[{"start":{"line":386,"column":85},"end":{"line":386,"column":87}}]},"26":{"loc":{"start":{"line":386,"column":19},"end":{"line":386,"column":39}},"type":"default-arg","locations":[{"start":{"line":386,"column":37},"end":{"line":386,"column":39}}]},"27":{"loc":{"start":{"line":388,"column":19},"end":{"line":388,"column":37}},"type":"default-arg","locations":[{"start":{"line":388,"column":29},"end":{"line":388,"column":37}}]},"28":{"loc":{"start":{"line":390,"column":33},"end":{"line":390,"column":85}},"type":"cond-expr","locations":[{"start":{"line":390,"column":58},"end":{"line":390,"column":67}},{"start":{"line":390,"column":70},"end":{"line":390,"column":85}}]},"29":{"loc":{"start":{"line":396,"column":20},"end":{"line":396,"column":93}},"type":"cond-expr","locations":[{"start":{"line":396,"column":53},"end":{"line":396,"column":88}},{"start":{"line":396,"column":91},"end":{"line":396,"column":93}}]},"30":{"loc":{"start":{"line":397,"column":20},"end":{"line":397,"column":66}},"type":"cond-expr","locations":[{"start":{"line":397,"column":43},"end":{"line":397,"column":61}},{"start":{"line":397,"column":64},"end":{"line":397,"column":66}}]},"31":{"loc":{"start":{"line":402,"column":41},"end":{"line":404,"column":30}},"type":"cond-expr","locations":[{"start":{"line":403,"column":23},"end":{"line":403,"column":106}},{"start":{"line":404,"column":22},"end":{"line":404,"column":30}}]},"32":{"loc":{"start":{"line":403,"column":23},"end":{"line":403,"column":106}},"type":"binary-expr","locations":[{"start":{"line":403,"column":23},"end":{"line":403,"column":93}},{"start":{"line":403,"column":97},"end":{"line":403,"column":106}}]},"33":{"loc":{"start":{"line":406,"column":16},"end":{"line":408,"column":17}},"type":"if","locations":[{"start":{"line":406,"column":16},"end":{"line":408,"column":17}}]},"34":{"loc":{"start":{"line":415,"column":8},"end":{"line":417,"column":9}},"type":"if","locations":[{"start":{"line":415,"column":8},"end":{"line":417,"column":9}}]},"35":{"loc":{"start":{"line":425,"column":12},"end":{"line":427,"column":13}},"type":"if","locations":[{"start":{"line":425,"column":12},"end":{"line":427,"column":13}}]},"36":{"loc":{"start":{"line":433,"column":12},"end":{"line":437,"column":13}},"type":"if","locations":[{"start":{"line":433,"column":12},"end":{"line":437,"column":13}}]}},"s":{"0":1,"1":1,"2":1,"3":1,"4":1,"5":1,"6":1,"7":1,"8":1,"9":1,"10":57,"11":57,"12":1,"13":56,"14":70,"15":70,"16":70,"17":70,"18":13,"19":1,"20":12,"21":58,"22":1,"23":1,"24":1,"25":57,"26":57,"27":57,"28":1,"29":56,"30":56,"31":1,"32":55,"33":55,"34":1,"35":55,"36":55,"37":55,"38":55,"39":54,"40":55,"41":55,"42":121,"43":55,"44":122,"45":122,"46":122,"47":1,"48":1,"49":121,"50":1,"51":1,"52":120,"53":3,"54":3,"55":117,"56":109,"57":55,"58":1,"59":117,"60":117,"61":1,"62":1,"63":116,"64":116,"65":2,"66":114,"67":114,"68":114,"69":112,"70":112,"71":2,"72":1,"73":1,"74":55,"75":55,"76":55,"77":3,"78":4,"79":4,"80":1,"81":1,"82":106,"83":13,"84":93,"85":3,"86":2,"87":2,"88":2,"89":4,"90":3,"91":3,"92":1,"93":2,"94":2,"95":2,"96":2,"97":2,"98":6,"99":2,"100":2,"101":2,"102":2,"103":3,"104":2,"105":9,"106":9,"107":8,"108":8,"109":5,"110":5,"111":5,"112":2,"113":3,"114":75,"115":20,"116":55,"117":55,"118":55,"119":55,"120":114,"121":3,"122":111,"123":111,"124":111,"125":109,"126":109,"127":2,"128":1,"129":1,"130":55,"131":55,"132":55,"133":55,"134":55,"135":55,"136":55,"137":55,"138":1},"f":{"0":57,"1":70,"2":70,"3":13,"4":58,"5":121,"6":109,"7":55,"8":1,"9":1,"10":1,"11":55,"12":3,"13":4,"14":4,"15":1,"16":1,"17":106,"18":3,"19":2,"20":2,"21":2,"22":4,"23":3,"24":3,"25":2,"26":2,"27":2,"28":2,"29":6,"30":2,"31":3,"32":2,"33":9,"34":5,"35":75,"36":1,"37":1,"38":55},"b":{"0":[1],"1":[1],"2":[2],"3":[1],"4":[57,2],"5":[1],"6":[57,56,55],"7":[56,1],"8":[1],"9":[1],"10":[55,52,52],"11":[3,49],"12":[54],"13":[1],"14":[1],"15":[121,2,1],"16":[3],"17":[116,1],"18":[2],"19":[112],"20":[13],"21":[1],"22":[0],"23":[2,0],"24":[0],"25":[3],"26":[7],"27":[7],"28":[7,1],"29":[1,7],"30":[1,7],"31":[4,1],"32":[4,2],"33":[2],"34":[20],"35":[3],"36":[109]}}
,"/home/denis/Documents/Croct/code/plug/plug-js/src/preview.ts": {"path":"/home/denis/Documents/Croct/code/plug/plug-js/src/preview.ts","statementMap":{"0":{"start":{"line":1,"column":0},"end":{"line":1,"column":45}},"1":{"start":{"line":4,"column":0},"end":{"line":4,"column":46}},"2":{"start":{"line":5,"column":0},"end":{"line":5,"column":70}},"3":{"start":{"line":7,"column":26},"end":{"line":7,"column":41}},"4":{"start":{"line":8,"column":21},"end":{"line":8,"column":27}},"5":{"start":{"line":29,"column":12},"end":{"line":29,"column":44}},"6":{"start":{"line":32,"column":8},"end":{"line":32,"column":51}},"7":{"start":{"line":33,"column":8},"end":{"line":33,"column":43}},"8":{"start":{"line":37,"column":20},"end":{"line":37,"column":49}},"9":{"start":{"line":38,"column":28},"end":{"line":38,"column":67}},"10":{"start":{"line":40,"column":8},"end":{"line":49,"column":9}},"11":{"start":{"line":41,"column":12},"end":{"line":41,"column":42}},"12":{"start":{"line":43,"column":12},"end":{"line":43,"column":29}},"13":{"start":{"line":48,"column":12},"end":{"line":48,"column":44}},"14":{"start":{"line":51,"column":22},"end":{"line":51,"column":48}},"15":{"start":{"line":53,"column":8},"end":{"line":55,"column":9}},"16":{"start":{"line":54,"column":12},"end":{"line":54,"column":56}},"17":{"start":{"line":59,"column":26},"end":{"line":59,"column":48}},"18":{"start":{"line":61,"column":8},"end":{"line":61,"column":48}},"19":{"start":{"line":61,"column":37},"end":{"line":61,"column":46}},"20":{"start":{"line":65,"column":8},"end":{"line":71,"column":9}},"21":{"start":{"line":66,"column":12},"end":{"line":66,"column":55}},"22":{"start":{"line":68,"column":12},"end":{"line":68,"column":43}},"23":{"start":{"line":70,"column":12},"end":{"line":70,"column":19}},"24":{"start":{"line":73,"column":8},"end":{"line":90,"column":9}},"25":{"start":{"line":74,"column":38},"end":{"line":74,"column":55}},"26":{"start":{"line":75,"column":26},"end":{"line":75,"column":44}},"27":{"start":{"line":77,"column":12},"end":{"line":81,"column":13}},"28":{"start":{"line":78,"column":16},"end":{"line":78,"column":60}},"29":{"start":{"line":80,"column":16},"end":{"line":80,"column":29}},"30":{"start":{"line":83,"column":12},"end":{"line":83,"column":56}},"31":{"start":{"line":85,"column":12},"end":{"line":85,"column":44}},"32":{"start":{"line":87,"column":12},"end":{"line":87,"column":43}},"33":{"start":{"line":89,"column":12},"end":{"line":89,"column":77}},"34":{"start":{"line":94,"column":23},"end":{"line":94,"column":50}},"35":{"start":{"line":95,"column":26},"end":{"line":95,"column":43}},"36":{"start":{"line":97,"column":8},"end":{"line":99,"column":9}},"37":{"start":{"line":98,"column":12},"end":{"line":98,"column":44}},"38":{"start":{"line":101,"column":8},"end":{"line":101,"column":53}},"39":{"start":{"line":105,"column":32},"end":{"line":105,"column":50}},"40":{"start":{"line":106,"column":23},"end":{"line":106,"column":44}},"41":{"start":{"line":108,"column":8},"end":{"line":110,"column":9}},"42":{"start":{"line":109,"column":12},"end":{"line":109,"column":26}},"43":{"start":{"line":112,"column":8},"end":{"line":118,"column":9}},"44":{"start":{"line":113,"column":26},"end":{"line":113,"column":39}},"45":{"start":{"line":115,"column":12},"end":{"line":117,"column":13}},"46":{"start":{"line":116,"column":16},"end":{"line":116,"column":41}},"47":{"start":{"line":120,"column":8},"end":{"line":120,"column":22}},"48":{"start":{"line":124,"column":23},"end":{"line":124,"column":45}},"49":{"start":{"line":126,"column":26},"end":{"line":150,"column":9}},"50":{"start":{"line":127,"column":12},"end":{"line":129,"column":13}},"51":{"start":{"line":128,"column":16},"end":{"line":128,"column":23}},"52":{"start":{"line":131,"column":12},"end":{"line":149,"column":13}},"53":{"start":{"line":133,"column":20},"end":{"line":133,"column":51}},"54":{"start":{"line":135,"column":36},"end":{"line":135,"column":65}},"55":{"start":{"line":137,"column":20},"end":{"line":137,"column":78}},"56":{"start":{"line":139,"column":20},"end":{"line":139,"column":64}},"57":{"start":{"line":141,"column":20},"end":{"line":141,"column":26}},"58":{"start":{"line":145,"column":20},"end":{"line":145,"column":65}},"59":{"start":{"line":146,"column":20},"end":{"line":146,"column":67}},"60":{"start":{"line":148,"column":20},"end":{"line":148,"column":26}},"61":{"start":{"line":152,"column":8},"end":{"line":152,"column":54}},"62":{"start":{"line":154,"column":8},"end":{"line":154,"column":82}},"63":{"start":{"line":154,"column":32},"end":{"line":154,"column":80}},"64":{"start":{"line":156,"column":23},"end":{"line":179,"column":9}},"65":{"start":{"line":157,"column":30},"end":{"line":157,"column":43}},"66":{"start":{"line":159,"column":12},"end":{"line":159,"column":38}},"67":{"start":{"line":161,"column":12},"end":{"line":161,"column":67}},"68":{"start":{"line":161,"column":36},"end":{"line":161,"column":65}},"69":{"start":{"line":163,"column":12},"end":{"line":163,"column":57}},"70":{"start":{"line":166,"column":29},"end":{"line":172,"column":14}},"71":{"start":{"line":167,"column":16},"end":{"line":171,"column":17}},"72":{"start":{"line":168,"column":20},"end":{"line":168,"column":46}},"73":{"start":{"line":170,"column":20},"end":{"line":170,"column":87}},"74":{"start":{"line":174,"column":12},"end":{"line":174,"column":59}},"75":{"start":{"line":178,"column":12},"end":{"line":178,"column":62}},"76":{"start":{"line":178,"column":39},"end":{"line":178,"column":60}},"77":{"start":{"line":181,"column":8},"end":{"line":187,"column":9}},"78":{"start":{"line":182,"column":12},"end":{"line":182,"column":21}},"79":{"start":{"line":184,"column":12},"end":{"line":184,"column":67}},"80":{"start":{"line":185,"column":12},"end":{"line":185,"column":92}},"81":{"start":{"line":185,"column":36},"end":{"line":185,"column":90}},"82":{"start":{"line":186,"column":12},"end":{"line":186,"column":64}},"83":{"start":{"line":191,"column":20},"end":{"line":191,"column":49}},"84":{"start":{"line":193,"column":8},"end":{"line":197,"column":9}},"85":{"start":{"line":194,"column":12},"end":{"line":194,"column":55}},"86":{"start":{"line":196,"column":12},"end":{"line":196,"column":64}},"87":{"start":{"line":201,"column":23},"end":{"line":201,"column":55}},"88":{"start":{"line":203,"column":8},"end":{"line":203,"column":40}},"89":{"start":{"line":204,"column":8},"end":{"line":204,"column":74}},"90":{"start":{"line":206,"column":8},"end":{"line":206,"column":40}},"91":{"start":{"line":207,"column":8},"end":{"line":207,"column":35}},"92":{"start":{"line":208,"column":8},"end":{"line":208,"column":36}},"93":{"start":{"line":209,"column":8},"end":{"line":209,"column":33}},"94":{"start":{"line":210,"column":8},"end":{"line":210,"column":34}},"95":{"start":{"line":211,"column":8},"end":{"line":211,"column":34}},"96":{"start":{"line":212,"column":8},"end":{"line":212,"column":41}},"97":{"start":{"line":213,"column":8},"end":{"line":213,"column":43}},"98":{"start":{"line":215,"column":8},"end":{"line":215,"column":22}},"99":{"start":{"line":15,"column":0},"end":{"line":15,"column":13}},"100":{"start":{"line":16,"column":28},"end":{"line":16,"column":45}},"101":{"start":{"line":219,"column":38},"end":{"line":226,"column":1}},"102":{"start":{"line":220,"column":18},"end":{"line":220,"column":23}},"103":{"start":{"line":222,"column":4},"end":{"line":225,"column":7}},"104":{"start":{"line":219,"column":13},"end":{"line":219,"column":38}}},"fnMap":{"0":{"name":"(anonymous_0)","decl":{"start":{"line":31,"column":4},"end":{"line":31,"column":23}},"loc":{"start":{"line":31,"column":51},"end":{"line":34,"column":5}}},"1":{"name":"(anonymous_1)","decl":{"start":{"line":36,"column":11},"end":{"line":36,"column":17}},"loc":{"start":{"line":36,"column":17},"end":{"line":56,"column":5}}},"2":{"name":"(anonymous_2)","decl":{"start":{"line":58,"column":11},"end":{"line":58,"column":18}},"loc":{"start":{"line":58,"column":18},"end":{"line":62,"column":5}}},"3":{"name":"(anonymous_3)","decl":{"start":{"line":61,"column":26},"end":{"line":61,"column":33}},"loc":{"start":{"line":61,"column":37},"end":{"line":61,"column":46}}},"4":{"name":"(anonymous_4)","decl":{"start":{"line":64,"column":12},"end":{"line":64,"column":23}},"loc":{"start":{"line":64,"column":36},"end":{"line":91,"column":5}}},"5":{"name":"(anonymous_5)","decl":{"start":{"line":93,"column":12},"end":{"line":93,"column":24}},"loc":{"start":{"line":93,"column":37},"end":{"line":102,"column":5}}},"6":{"name":"(anonymous_6)","decl":{"start":{"line":104,"column":12},"end":{"line":104,"column":27}},"loc":{"start":{"line":104,"column":40},"end":{"line":121,"column":5}}},"7":{"name":"(anonymous_7)","decl":{"start":{"line":123,"column":12},"end":{"line":123,"column":24}},"loc":{"start":{"line":123,"column":36},"end":{"line":188,"column":5}}},"8":{"name":"(anonymous_8)","decl":{"start":{"line":126,"column":26},"end":{"line":126,"column":27}},"loc":{"start":{"line":126,"column":56},"end":{"line":150,"column":9}}},"9":{"name":"(anonymous_9)","decl":{"start":{"line":154,"column":26},"end":{"line":154,"column":29}},"loc":{"start":{"line":154,"column":32},"end":{"line":154,"column":80}}},"10":{"name":"(anonymous_10)","decl":{"start":{"line":156,"column":23},"end":{"line":156,"column":32}},"loc":{"start":{"line":156,"column":34},"end":{"line":179,"column":9}}},"11":{"name":"(anonymous_11)","decl":{"start":{"line":161,"column":30},"end":{"line":161,"column":33}},"loc":{"start":{"line":161,"column":36},"end":{"line":161,"column":65}}},"12":{"name":"(anonymous_12)","decl":{"start":{"line":166,"column":50},"end":{"line":166,"column":53}},"loc":{"start":{"line":166,"column":55},"end":{"line":172,"column":13}}},"13":{"name":"(anonymous_13)","decl":{"start":{"line":178,"column":33},"end":{"line":178,"column":36}},"loc":{"start":{"line":178,"column":39},"end":{"line":178,"column":60}}},"14":{"name":"(anonymous_14)","decl":{"start":{"line":185,"column":30},"end":{"line":185,"column":33}},"loc":{"start":{"line":185,"column":36},"end":{"line":185,"column":90}}},"15":{"name":"(anonymous_15)","decl":{"start":{"line":190,"column":12},"end":{"line":190,"column":21}},"loc":{"start":{"line":190,"column":21},"end":{"line":198,"column":5}}},"16":{"name":"(anonymous_16)","decl":{"start":{"line":200,"column":12},"end":{"line":200,"column":24}},"loc":{"start":{"line":200,"column":36},"end":{"line":216,"column":5}}},"17":{"name":"(anonymous_17)","decl":{"start":{"line":219,"column":38},"end":{"line":219,"column":39}},"loc":{"start":{"line":219,"column":63},"end":{"line":226,"column":1}}}},"branchMap":{"0":{"loc":{"start":{"line":40,"column":8},"end":{"line":49,"column":9}},"type":"if","locations":[{"start":{"line":40,"column":8},"end":{"line":49,"column":9}}]},"1":{"loc":{"start":{"line":53,"column":8},"end":{"line":55,"column":9}},"type":"if","locations":[{"start":{"line":53,"column":8},"end":{"line":55,"column":9}}]},"2":{"loc":{"start":{"line":65,"column":8},"end":{"line":71,"column":9}},"type":"if","locations":[{"start":{"line":65,"column":8},"end":{"line":71,"column":9}}]},"3":{"loc":{"start":{"line":77,"column":12},"end":{"line":81,"column":13}},"type":"if","locations":[{"start":{"line":77,"column":12},"end":{"line":81,"column":13}}]},"4":{"loc":{"start":{"line":77,"column":16},"end":{"line":77,"column":61}},"type":"binary-expr","locations":[{"start":{"line":77,"column":16},"end":{"line":77,"column":33}},{"start":{"line":77,"column":37},"end":{"line":77,"column":61}}]},"5":{"loc":{"start":{"line":97,"column":8},"end":{"line":99,"column":9}},"type":"if","locations":[{"start":{"line":97,"column":8},"end":{"line":99,"column":9}}]},"6":{"loc":{"start":{"line":105,"column":15},"end":{"line":105,"column":28}},"type":"default-arg","locations":[{"start":{"line":105,"column":26},"end":{"line":105,"column":28}}]},"7":{"loc":{"start":{"line":108,"column":8},"end":{"line":110,"column":9}},"type":"if","locations":[{"start":{"line":108,"column":8},"end":{"line":110,"column":9}}]},"8":{"loc":{"start":{"line":108,"column":12},"end":{"line":108,"column":88}},"type":"binary-expr","locations":[{"start":{"line":108,"column":12},"end":{"line":108,"column":29}},{"start":{"line":108,"column":33},"end":{"line":108,"column":61}},{"start":{"line":108,"column":65},"end":{"line":108,"column":88}}]},"9":{"loc":{"start":{"line":115,"column":12},"end":{"line":117,"column":13}},"type":"if","locations":[{"start":{"line":115,"column":12},"end":{"line":117,"column":13}}]},"10":{"loc":{"start":{"line":127,"column":12},"end":{"line":129,"column":13}},"type":"if","locations":[{"start":{"line":127,"column":12},"end":{"line":129,"column":13}}]},"11":{"loc":{"start":{"line":131,"column":12},"end":{"line":149,"column":13}},"type":"switch","locations":[{"start":{"line":132,"column":16},"end":{"line":142,"column":17}},{"start":{"line":144,"column":16},"end":{"line":148,"column":26}}]},"12":{"loc":{"start":{"line":167,"column":16},"end":{"line":171,"column":17}},"type":"if","locations":[{"start":{"line":167,"column":16},"end":{"line":171,"column":17}}]},"13":{"loc":{"start":{"line":181,"column":8},"end":{"line":187,"column":9}},"type":"if","locations":[{"start":{"line":181,"column":8},"end":{"line":187,"column":9}},{"start":{"line":183,"column":15},"end":{"line":187,"column":9}}]},"14":{"loc":{"start":{"line":193,"column":8},"end":{"line":197,"column":9}},"type":"if","locations":[{"start":{"line":193,"column":8},"end":{"line":197,"column":9}}]}},"s":{"0":2,"1":2,"2":2,"3":2,"4":2,"5":69,"6":69,"7":69,"8":68,"9":68,"10":68,"11":5,"12":5,"13":5,"14":68,"15":68,"16":9,"17":55,"18":55,"19":4,"20":5,"21":1,"22":1,"23":1,"24":4,"25":4,"26":3,"27":3,"28":2,"29":2,"30":3,"31":3,"32":1,"33":1,"34":9,"35":9,"36":9,"37":8,"38":9,"39":9,"40":9,"41":9,"42":1,"43":8,"44":48,"45":48,"46":48,"47":8,"48":9,"49":9,"50":3,"51":1,"52":2,"53":1,"54":1,"55":1,"56":1,"57":1,"58":1,"59":1,"60":1,"61":9,"62":9,"63":1,"64":9,"65":9,"66":9,"67":9,"68":1,"69":9,"70":9,"71":1,"72":1,"73":1,"74":9,"75":9,"76":1,"77":9,"78":7,"79":2,"80":2,"81":1,"82":2,"83":6,"84":6,"85":6,"86":6,"87":9,"88":9,"89":9,"90":9,"91":9,"92":9,"93":9,"94":9,"95":9,"96":9,"97":9,"98":9,"99":2,"100":2,"101":2,"102":55,"103":55,"104":2},"f":{"0":69,"1":68,"2":55,"3":4,"4":5,"5":9,"6":9,"7":9,"8":3,"9":1,"10":9,"11":1,"12":1,"13":1,"14":1,"15":6,"16":9,"17":55},"b":{"0":[5],"1":[9],"2":[1],"3":[2],"4":[3,3],"5":[8],"6":[0],"7":[1],"8":[9,8,8],"9":[48],"10":[1],"11":[1,1],"12":[1],"13":[7,2],"14":[6]}}
,"/home/denis/Documents/Croct/code/plug/plug-js/src/api/evaluate.ts": {"path":"/home/denis/Documents/Croct/code/plug/plug-js/src/api/evaluate.ts","statementMap":{"0":{"start":{"line":27,"column":0},"end":{"line":27,"column":16}},"1":{"start":{"line":1,"column":0},"end":{"line":1,"column":81}},"2":{"start":{"line":4,"column":0},"end":{"line":4,"column":45}},"3":{"start":{"line":28,"column":78},"end":{"line":28,"column":85}},"4":{"start":{"line":29,"column":30},"end":{"line":29,"column":86}},"5":{"start":{"line":30,"column":20},"end":{"line":31,"column":50}},"6":{"start":{"line":33,"column":4},"end":{"line":47,"column":5}},"7":{"start":{"line":34,"column":8},"end":{"line":46,"column":10}},"8":{"start":{"line":36,"column":16},"end":{"line":42,"column":17}},"9":{"start":{"line":37,"column":38},"end":{"line":39,"column":31}},"10":{"start":{"line":41,"column":20},"end":{"line":41,"column":99}},"11":{"start":{"line":44,"column":16},"end":{"line":44,"column":32}},"12":{"start":{"line":49,"column":4},"end":{"line":49,"column":19}}},"fnMap":{"0":{"name":"evaluate","decl":{"start":{"line":27,"column":16},"end":{"line":27,"column":24}},"loc":{"start":{"line":27,"column":90},"end":{"line":50,"column":1}}},"1":{"name":"(anonymous_1)","decl":{"start":{"line":35,"column":12},"end":{"line":35,"column":17}},"loc":{"start":{"line":35,"column":20},"end":{"line":45,"column":13}}}},"branchMap":{"0":{"loc":{"start":{"line":29,"column":30},"end":{"line":29,"column":86}},"type":"cond-expr","locations":[{"start":{"line":29,"column":53},"end":{"line":29,"column":69}},{"start":{"line":29,"column":72},"end":{"line":29,"column":86}}]},"1":{"loc":{"start":{"line":33,"column":4},"end":{"line":47,"column":5}},"type":"if","locations":[{"start":{"line":33,"column":4},"end":{"line":47,"column":5}}]},"2":{"loc":{"start":{"line":36,"column":16},"end":{"line":42,"column":17}},"type":"if","locations":[{"start":{"line":36,"column":16},"end":{"line":42,"column":17}}]},"3":{"loc":{"start":{"line":37,"column":38},"end":{"line":39,"column":31}},"type":"cond-expr","locations":[{"start":{"line":38,"column":26},"end":{"line":38,"column":52}},{"start":{"line":39,"column":26},"end":{"line":39,"column":31}}]}},"s":{"0":2,"1":2,"2":2,"3":3,"4":3,"5":3,"6":3,"7":1,"8":1,"9":1,"10":1,"11":1,"12":2},"f":{"0":3,"1":1},"b":{"0":[2,1],"1":[1],"2":[1],"3":[1,0]}}
,"/home/denis/Documents/Croct/code/plug/plug-js/src/api/fetchContent.ts": {"path":"/home/denis/Documents/Croct/code/plug/plug-js/src/api/fetchContent.ts","statementMap":{"0":{"start":{"line":42,"column":0},"end":{"line":42,"column":16}},"1":{"start":{"line":1,"column":0},"end":{"line":1,"column":null}},"2":{"start":{"line":8,"column":0},"end":{"line":8,"column":45}},"3":{"start":{"line":9,"column":0},"end":{"line":9,"column":47}},"4":{"start":{"line":54,"column":8},"end":{"line":54,"column":21}},"5":{"start":{"line":56,"column":17},"end":{"line":56,"column":47}},"6":{"start":{"line":57,"column":37},"end":{"line":57,"column":97}},"7":{"start":{"line":58,"column":29},"end":{"line":58,"column":81}},"8":{"start":{"line":60,"column":20},"end":{"line":65,"column":10}},"9":{"start":{"line":67,"column":4},"end":{"line":85,"column":6}},"10":{"start":{"line":69,"column":12},"end":{"line":71,"column":13}},"11":{"start":{"line":70,"column":16},"end":{"line":70,"column":107}},"12":{"start":{"line":73,"column":12},"end":{"line":75,"column":13}},"13":{"start":{"line":74,"column":16},"end":{"line":74,"column":43}},"14":{"start":{"line":77,"column":34},"end":{"line":77,"column":77}},"15":{"start":{"line":79,"column":12},"end":{"line":81,"column":13}},"16":{"start":{"line":80,"column":16},"end":{"line":80,"column":28}},"17":{"start":{"line":83,"column":12},"end":{"line":83,"column":65}}},"fnMap":{"0":{"name":"fetchContent","decl":{"start":{"line":42,"column":16},"end":{"line":42,"column":28}},"loc":{"start":{"line":44,"column":45},"end":{"line":86,"column":1}}},"1":{"name":"(anonymous_1)","decl":{"start":{"line":68,"column":8},"end":{"line":68,"column":13}},"loc":{"start":{"line":68,"column":22},"end":{"line":84,"column":9}}}},"branchMap":{"0":{"loc":{"start":{"line":52,"column":8},"end":{"line":52,"column":28}},"type":"default-arg","locations":[{"start":{"line":52,"column":26},"end":{"line":52,"column":28}}]},"1":{"loc":{"start":{"line":54,"column":8},"end":{"line":54,"column":21}},"type":"binary-expr","locations":[{"start":{"line":54,"column":8},"end":{"line":54,"column":15}},{"start":{"line":54,"column":19},"end":{"line":54,"column":21}}]},"2":{"loc":{"start":{"line":57,"column":15},"end":{"line":57,"column":33}},"type":"default-arg","locations":[{"start":{"line":57,"column":25},"end":{"line":57,"column":33}}]},"3":{"loc":{"start":{"line":58,"column":29},"end":{"line":58,"column":81}},"type":"cond-expr","locations":[{"start":{"line":58,"column":54},"end":{"line":58,"column":63}},{"start":{"line":58,"column":66},"end":{"line":58,"column":81}}]},"4":{"loc":{"start":{"line":63,"column":16},"end":{"line":63,"column":89}},"type":"cond-expr","locations":[{"start":{"line":63,"column":49},"end":{"line":63,"column":84}},{"start":{"line":63,"column":87},"end":{"line":63,"column":89}}]},"5":{"loc":{"start":{"line":64,"column":16},"end":{"line":64,"column":62}},"type":"cond-expr","locations":[{"start":{"line":64,"column":39},"end":{"line":64,"column":57}},{"start":{"line":64,"column":60},"end":{"line":64,"column":62}}]},"6":{"loc":{"start":{"line":69,"column":12},"end":{"line":71,"column":13}},"type":"if","locations":[{"start":{"line":69,"column":12},"end":{"line":71,"column":13}}]},"7":{"loc":{"start":{"line":73,"column":12},"end":{"line":75,"column":13}},"type":"if","locations":[{"start":{"line":73,"column":12},"end":{"line":75,"column":13}}]},"8":{"loc":{"start":{"line":79,"column":12},"end":{"line":81,"column":13}},"type":"if","locations":[{"start":{"line":79,"column":12},"end":{"line":81,"column":13}}]}},"s":{"0":2,"1":2,"2":2,"3":2,"4":10,"5":10,"6":10,"7":10,"8":10,"9":10,"10":5,"11":4,"12":5,"13":1,"14":4,"15":4,"16":2,"17":2},"f":{"0":10,"1":5},"b":{"0":[7],"1":[10,0],"2":[8],"3":[8,2],"4":[2,8],"5":[1,9],"6":[4],"7":[1],"8":[2]}}
,"/home/denis/Documents/Croct/code/plug/plug-js/src/api/index.ts": {"path":"/home/denis/Documents/Croct/code/plug/plug-js/src/api/index.ts","statementMap":{"0":{"start":{"line":1,"column":0},"end":{"line":1,"column":27}},"1":{"start":{"line":2,"column":0},"end":{"line":2,"column":31}}},"fnMap":{},"branchMap":{},"s":{"0":2,"1":2},"f":{},"b":{}}
,"/home/denis/Documents/Croct/code/plug/plug-js/src/sdk/index.ts": {"path":"/home/denis/Documents/Croct/code/plug/plug-js/src/sdk/index.ts","statementMap":{"0":{"start":{"line":5,"column":0},"end":{"line":5,"column":8}},"1":{"start":{"line":5,"column":8},"end":{"line":5,"column":62}},"2":{"start":{"line":6,"column":0},"end":{"line":6,"column":8}},"3":{"start":{"line":6,"column":8},"end":{"line":6,"column":56}},"4":{"start":{"line":7,"column":0},"end":{"line":7,"column":8}},"5":{"start":{"line":7,"column":8},"end":{"line":7,"column":35}}},"fnMap":{"0":{"name":"(anonymous_0)","decl":{"start":{"line":5,"column":8},"end":{"line":5,"column":21}},"loc":{"start":{"line":5,"column":8},"end":{"line":5,"column":62}}},"1":{"name":"(anonymous_1)","decl":{"start":{"line":6,"column":8},"end":{"line":6,"column":18}},"loc":{"start":{"line":6,"column":8},"end":{"line":6,"column":56}}},"2":{"name":"(anonymous_2)","decl":{"start":{"line":7,"column":8},"end":{"line":7,"column":11}},"loc":{"start":{"line":7,"column":8},"end":{"line":7,"column":35}}}},"branchMap":{},"s":{"0":1,"1":1,"2":1,"3":1,"4":1,"5":16},"f":{"0":0,"1":0,"2":15},"b":{}}
,"/home/denis/Documents/Croct/code/plug/plug-js/src/sdk/token.ts": {"path":"/home/denis/Documents/Croct/code/plug/plug-js/src/sdk/token.ts","statementMap":{"0":{"start":{"line":1,"column":0},"end":{"line":1,"column":8}},"1":{"start":{"line":1,"column":8},"end":{"line":1,"column":39}}},"fnMap":{"0":{"name":"(anonymous_0)","decl":{"start":{"line":1,"column":8},"end":{"line":1,"column":13}},"loc":{"start":{"line":1,"column":8},"end":{"line":1,"column":39}}}},"branchMap":{},"s":{"0":2,"1":7},"f":{"0":5},"b":{}}
}
