TN:
SF:src/playground.ts
FN:62,(anonymous_0)
FN:75,(anonymous_1)
FN:82,(anonymous_2)
FN:84,(anonymous_3)
FN:87,(anonymous_4)
FN:97,(anonymous_5)
FN:129,(anonymous_6)
FN:138,(anonymous_7)
FN:151,(anonymous_8)
FN:162,(anonymous_9)
FN:197,(anonymous_10)
FN:208,(anonymous_11)
FN:232,(anonymous_12)
FNF:13
FNH:13
FNDA:69,(anonymous_0)
FNDA:68,(anonymous_1)
FNDA:15,(anonymous_2)
FNDA:14,(anonymous_3)
FNDA:1,(anonymous_4)
FNDA:68,(anonymous_5)
FNDA:69,(anonymous_6)
FNDA:14,(anonymous_7)
FNDA:13,(anonymous_8)
FNDA:13,(anonymous_9)
FNDA:14,(anonymous_10)
FNDA:14,(anonymous_11)
FNDA:55,(anonymous_12)
DA:1,2
DA:3,2
DA:6,2
DA:10,2
DA:39,2
DA:63,69
DA:64,69
DA:65,69
DA:66,69
DA:67,69
DA:68,69
DA:69,69
DA:70,69
DA:71,69
DA:72,69
DA:76,68
DA:78,68
DA:79,55
DA:82,15
DA:85,14
DA:88,1
DA:91,13
DA:92,13
DA:94,13
DA:98,68
DA:99,10
DA:101,10
DA:104,58
DA:106,58
DA:108,58
DA:109,56
DA:111,56
DA:113,56
DA:119,56
DA:122,2
DA:124,2
DA:126,2
DA:130,69
DA:131,13
DA:132,13
DA:134,13
DA:139,14
DA:141,14
DA:142,14
DA:143,14
DA:144,14
DA:145,14
DA:146,14
DA:147,14
DA:149,14
DA:151,14
DA:152,13
DA:153,1
DA:154,1
DA:157,1
DA:159,1
DA:162,12
DA:163,13
DA:164,3
DA:167,10
DA:169,10
DA:170,10
DA:173,10
DA:176,12
DA:178,12
DA:190,12
DA:192,12
DA:195,14
DA:197,14
DA:198,14
DA:201,14
DA:202,1
DA:204,13
DA:209,14
DA:210,14
DA:212,14
DA:213,13
DA:216,14
DA:217,12
DA:220,14
DA:221,13
DA:224,14
DA:232,2
DA:233,55
DA:235,55
LF:85
LH:85
BRDA:78,0,0,55
BRDA:98,1,0,10
BRDA:108,2,0,56
BRDA:108,3,0,58
BRDA:108,3,1,2
BRDA:114,4,0,1
BRDA:114,4,1,55
BRDA:130,5,0,13
BRDA:152,6,0,1
BRDA:153,7,0,1
BRDA:163,8,0,3
BRDA:163,9,0,13
BRDA:163,9,1,12
BRDA:169,10,0,10
BRDA:184,11,0,12
BRDA:184,11,1,10
BRDA:201,12,0,1
BRDA:201,12,1,13
BRDA:212,13,0,13
BRDA:216,14,0,12
BRDA:220,15,0,13
BRF:21
BRH:21
end_of_record
TN:
SF:src/plug.ts
FN:80,detectAppId
FN:104,(anonymous_1)
FN:105,(anonymous_2)
FN:110,(anonymous_3)
FN:118,(anonymous_4)
FN:181,(anonymous_5)
FN:227,(anonymous_6)
FN:228,(anonymous_7)
FN:231,(anonymous_8)
FN:264,(anonymous_9)
FN:265,(anonymous_10)
FN:270,(anonymous_11)
FN:277,(anonymous_12)
FN:281,(anonymous_13)
FN:282,(anonymous_14)
FN:285,(anonymous_15)
FN:288,(anonymous_16)
FN:291,(anonymous_17)
FN:299,(anonymous_18)
FN:303,(anonymous_19)
FN:307,(anonymous_20)
FN:311,(anonymous_21)
FN:315,(anonymous_22)
FN:321,(anonymous_23)
FN:327,(anonymous_24)
FN:337,(anonymous_25)
FN:341,(anonymous_26)
FN:345,(anonymous_27)
FN:349,(anonymous_28)
FN:355,(anonymous_29)
FN:359,(anonymous_30)
FN:369,(anonymous_31)
FN:371,(anonymous_32)
FN:384,(anonymous_33)
FN:399,(anonymous_34)
FN:414,(anonymous_35)
FN:440,(anonymous_36)
FN:441,(anonymous_37)
FN:449,(anonymous_38)
FNF:39
FNH:39
FNDA:57,detectAppId
FNDA:70,(anonymous_1)
FNDA:70,(anonymous_2)
FNDA:13,(anonymous_3)
FNDA:58,(anonymous_4)
FNDA:121,(anonymous_5)
FNDA:109,(anonymous_6)
FNDA:55,(anonymous_7)
FNDA:1,(anonymous_8)
FNDA:1,(anonymous_9)
FNDA:1,(anonymous_10)
FNDA:55,(anonymous_11)
FNDA:3,(anonymous_12)
FNDA:4,(anonymous_13)
FNDA:4,(anonymous_14)
FNDA:1,(anonymous_15)
FNDA:1,(anonymous_16)
FNDA:106,(anonymous_17)
FNDA:3,(anonymous_18)
FNDA:2,(anonymous_19)
FNDA:2,(anonymous_20)
FNDA:2,(anonymous_21)
FNDA:4,(anonymous_22)
FNDA:3,(anonymous_23)
FNDA:3,(anonymous_24)
FNDA:2,(anonymous_25)
FNDA:2,(anonymous_26)
FNDA:2,(anonymous_27)
FNDA:2,(anonymous_28)
FNDA:6,(anonymous_29)
FNDA:2,(anonymous_30)
FNDA:3,(anonymous_31)
FNDA:2,(anonymous_32)
FNDA:9,(anonymous_33)
FNDA:5,(anonymous_34)
FNDA:75,(anonymous_35)
FNDA:1,(anonymous_36)
FNDA:1,(anonymous_37)
FNDA:55,(anonymous_38)
DA:6,1
DA:7,1
DA:8,1
DA:10,1
DA:16,1
DA:18,1
DA:20,1
DA:21,1
DA:22,1
DA:78,1
DA:81,57
DA:83,57
DA:84,1
DA:87,56
DA:90,1
DA:91,70
DA:98,70
DA:105,70
DA:106,70
DA:111,13
DA:112,1
DA:115,12
DA:119,58
DA:120,1
DA:122,1
DA:124,1
DA:127,57
DA:128,57
DA:130,57
DA:131,1
DA:140,56
DA:142,56
DA:143,1
DA:150,55
DA:152,55
DA:153,1
DA:156,55
DA:166,55
DA:168,55
DA:170,55
DA:171,54
DA:177,55
DA:179,55
DA:181,121
DA:184,55
DA:185,122
DA:187,122
DA:189,122
DA:190,1
DA:192,1
DA:195,121
DA:196,1
DA:201,1
DA:204,120
DA:205,3
DA:207,3
DA:210,117
DA:227,109
DA:229,55
DA:232,1
DA:239,117
DA:240,117
DA:242,1
DA:244,1
DA:247,116
DA:249,116
DA:250,2
DA:253,114
DA:255,114
DA:257,114
DA:258,112
DA:260,112
DA:263,2
DA:264,1
DA:265,1
DA:269,55
DA:271,55
DA:273,55
DA:278,3
DA:282,4
DA:286,1
DA:288,1
DA:292,106
DA:293,13
DA:296,93
DA:300,3
DA:304,2
DA:308,2
DA:312,2
DA:316,4
DA:322,3
DA:328,3
DA:329,1
DA:334,2
DA:338,2
DA:342,2
DA:346,2
DA:350,2
DA:356,6
DA:360,2
DA:361,2
DA:363,2
DA:365,2
DA:370,3
DA:371,2
DA:388,9
DA:389,9
DA:390,8
DA:392,8
DA:400,5
DA:402,5
DA:406,5
DA:407,2
DA:410,3
DA:415,75
DA:416,20
DA:419,55
DA:421,55
DA:422,55
DA:424,55
DA:425,114
DA:426,3
DA:429,111
DA:431,111
DA:433,111
DA:434,109
DA:436,109
DA:439,2
DA:440,1
DA:441,1
DA:446,55
DA:448,55
DA:449,55
DA:450,55
DA:453,55
DA:455,55
DA:456,55
DA:458,55
LF:138
LH:138
BRDA:83,0,0,1
BRDA:111,1,0,1
BRDA:118,2,0,2
BRDA:119,3,0,1
BRDA:128,4,0,57
BRDA:128,4,1,2
BRDA:130,5,0,1
BRDA:130,6,0,57
BRDA:130,6,1,56
BRDA:130,6,2,55
BRDA:140,7,0,56
BRDA:140,7,1,1
BRDA:142,8,0,1
BRDA:152,9,0,1
BRDA:159,10,0,55
BRDA:159,10,1,52
BRDA:159,10,2,52
BRDA:160,11,0,3
BRDA:160,11,1,49
BRDA:170,12,0,54
BRDA:189,13,0,1
BRDA:195,14,0,1
BRDA:195,15,0,121
BRDA:195,15,1,2
BRDA:195,15,2,1
BRDA:204,16,0,3
BRDA:211,17,0,116
BRDA:211,17,1,1
BRDA:249,18,0,2
BRDA:257,19,0,112
BRDA:292,20,0,13
BRDA:328,21,0,1
BRDA:355,22,0,0
BRDA:361,23,0,2
BRDA:361,23,1,0
BRDA:369,24,0,0
BRDA:386,25,0,3
BRDA:386,26,0,7
BRDA:388,27,0,7
BRDA:390,28,0,7
BRDA:390,28,1,1
BRDA:396,29,0,1
BRDA:396,29,1,7
BRDA:397,30,0,1
BRDA:397,30,1,7
BRDA:402,31,0,4
BRDA:402,31,1,1
BRDA:403,32,0,4
BRDA:403,32,1,2
BRDA:406,33,0,2
BRDA:415,34,0,20
BRDA:425,35,0,3
BRDA:433,36,0,109
BRF:53
BRH:50
end_of_record
TN:
SF:src/preview.ts
FN:31,(anonymous_0)
FN:36,(anonymous_1)
FN:58,(anonymous_2)
FN:61,(anonymous_3)
FN:64,(anonymous_4)
FN:93,(anonymous_5)
FN:104,(anonymous_6)
FN:123,(anonymous_7)
FN:126,(anonymous_8)
FN:154,(anonymous_9)
FN:156,(anonymous_10)
FN:161,(anonymous_11)
FN:166,(anonymous_12)
FN:178,(anonymous_13)
FN:185,(anonymous_14)
FN:190,(anonymous_15)
FN:200,(anonymous_16)
FN:219,(anonymous_17)
FNF:18
FNH:18
FNDA:69,(anonymous_0)
FNDA:68,(anonymous_1)
FNDA:55,(anonymous_2)
FNDA:4,(anonymous_3)
FNDA:5,(anonymous_4)
FNDA:9,(anonymous_5)
FNDA:9,(anonymous_6)
FNDA:9,(anonymous_7)
FNDA:3,(anonymous_8)
FNDA:1,(anonymous_9)
FNDA:9,(anonymous_10)
FNDA:1,(anonymous_11)
FNDA:1,(anonymous_12)
FNDA:1,(anonymous_13)
FNDA:1,(anonymous_14)
FNDA:6,(anonymous_15)
FNDA:9,(anonymous_16)
FNDA:55,(anonymous_17)
DA:1,2
DA:4,2
DA:5,2
DA:7,2
DA:8,2
DA:15,2
DA:16,2
DA:29,69
DA:32,69
DA:33,69
DA:37,68
DA:38,68
DA:40,68
DA:41,5
DA:43,5
DA:48,5
DA:51,68
DA:53,68
DA:54,9
DA:59,55
DA:61,55
DA:65,5
DA:66,1
DA:68,1
DA:70,1
DA:73,4
DA:74,4
DA:75,3
DA:77,3
DA:78,2
DA:80,2
DA:83,3
DA:85,3
DA:87,1
DA:89,1
DA:94,9
DA:95,9
DA:97,9
DA:98,8
DA:101,9
DA:105,9
DA:106,9
DA:108,9
DA:109,1
DA:112,8
DA:113,48
DA:115,48
DA:116,48
DA:120,8
DA:124,9
DA:126,9
DA:127,3
DA:128,1
DA:131,2
DA:133,1
DA:135,1
DA:137,1
DA:139,1
DA:141,1
DA:145,1
DA:146,1
DA:148,1
DA:152,9
DA:154,9
DA:156,9
DA:157,9
DA:159,9
DA:161,9
DA:163,9
DA:166,9
DA:167,1
DA:168,1
DA:170,1
DA:174,9
DA:178,9
DA:181,9
DA:182,7
DA:184,2
DA:185,2
DA:186,2
DA:191,6
DA:193,6
DA:194,6
DA:196,6
DA:201,9
DA:203,9
DA:204,9
DA:206,9
DA:207,9
DA:208,9
DA:209,9
DA:210,9
DA:211,9
DA:212,9
DA:213,9
DA:215,9
DA:219,2
DA:220,55
DA:222,55
LF:99
LH:99
BRDA:40,0,0,5
BRDA:53,1,0,9
BRDA:65,2,0,1
BRDA:77,3,0,2
BRDA:77,4,0,3
BRDA:77,4,1,3
BRDA:97,5,0,8
BRDA:105,6,0,0
BRDA:108,7,0,1
BRDA:108,8,0,9
BRDA:108,8,1,8
BRDA:108,8,2,8
BRDA:115,9,0,48
BRDA:127,10,0,1
BRDA:131,11,0,1
BRDA:131,11,1,1
BRDA:167,12,0,1
BRDA:181,13,0,7
BRDA:181,13,1,2
BRDA:193,14,0,6
BRF:20
BRH:19
end_of_record
TN:
SF:src/api/evaluate.ts
FN:27,evaluate
FN:35,(anonymous_1)
FNF:2
FNH:2
FNDA:3,evaluate
FNDA:1,(anonymous_1)
DA:1,2
DA:4,2
DA:27,2
DA:28,3
DA:29,3
DA:30,3
DA:33,3
DA:34,1
DA:36,1
DA:37,1
DA:41,1
DA:44,1
DA:49,2
LF:13
LH:13
BRDA:29,0,0,2
BRDA:29,0,1,1
BRDA:33,1,0,1
BRDA:36,2,0,1
BRDA:37,3,0,1
BRDA:37,3,1,0
BRF:6
BRH:5
end_of_record
TN:
SF:src/api/fetchContent.ts
FN:42,fetchContent
FN:68,(anonymous_1)
FNF:2
FNH:2
FNDA:10,fetchContent
FNDA:5,(anonymous_1)
DA:1,2
DA:8,2
DA:9,2
DA:42,2
DA:54,10
DA:56,10
DA:57,10
DA:58,10
DA:60,10
DA:67,10
DA:69,5
DA:70,4
DA:73,5
DA:74,1
DA:77,4
DA:79,4
DA:80,2
DA:83,2
LF:18
LH:18
BRDA:52,0,0,7
BRDA:54,1,0,10
BRDA:54,1,1,0
BRDA:57,2,0,8
BRDA:58,3,0,8
BRDA:58,3,1,2
BRDA:63,4,0,2
BRDA:63,4,1,8
BRDA:64,5,0,1
BRDA:64,5,1,9
BRDA:69,6,0,4
BRDA:73,7,0,1
BRDA:79,8,0,2
BRF:13
BRH:12
end_of_record
TN:
SF:src/api/index.ts
FNF:0
FNH:0
DA:1,2
DA:2,2
LF:2
LH:2
BRF:0
BRH:0
end_of_record
TN:
SF:src/sdk/index.ts
FN:5,(anonymous_0)
FN:6,(anonymous_1)
FN:7,(anonymous_2)
FNF:3
FNH:1
FNDA:0,(anonymous_0)
FNDA:0,(anonymous_1)
FNDA:15,(anonymous_2)
DA:5,1
DA:6,1
DA:7,16
LF:3
LH:3
BRF:0
BRH:0
end_of_record
TN:
SF:src/sdk/token.ts
FN:1,(anonymous_0)
FNF:1
FNH:1
FNDA:5,(anonymous_0)
DA:1,7
LF:1
LH:1
BRF:0
BRH:0
end_of_record
